11-30-2018 @ 12:27:56 - PayPal Request args: Array
(
    [cmd] => _cart
    [business] => rrsawant-facilitator@gmail.com
    [no_note] => 1
    [currency_code] => USD
    [charset] => utf-8
    [rm] => 1
    [upload] => 1
    [return] => http://52.52.33.58/checkout/order-received/6153/?key=wc_order_5c012ccbed539&utm_nooverride=1
    [cancel_return] => http://52.52.33.58/cart/?cancel_order=true&order=wc_order_5c012ccbed539&order_id=6153&redirect&_wpnonce=76f93a633c
    [page_style] => 
    [image_url] => 
    [paymentaction] => sale
    [bn] => AngellEYE_SP_WooCommerce
    [invoice] => WC-6153
    [custom] => {"order_id":6153,"order_key":"wc_order_5c012ccbed539"}
    [notify_url] => http://52.52.33.58/?AngellEYE_Paypal_Ipn_For_Wordpress&action=ipn_handler&keys=paypal_standard
    [first_name] => 
    [last_name] => 
    [address1] => 
    [address2] => 
    [city] => 
    [state] => 
    [zip] => 
    [country] => 
    [email] => rohan+ww204@khacreation.com
    [night_phone_a] => 012
    [night_phone_b] => 345
    [night_phone_c] => 6789
    [address_override] => 0
    [no_shipping] => 0
    [tax_cart] => 0.00
    [item_name_1] => ACT - 4 Point Guarantee (Group Enrollment: no)
    [quantity_1] => 1
    [amount_1] => 1500
    [item_number_1] => 
)

11-30-2018 @ 12:28:38 - IPN paypal_ipn_for_wordpress_ipn_forwarding_handler: Array
(
    [mc_gross] => 1500.00
    [invoice] => WC-6153
    [protection_eligibility] => Eligible
    [address_status] => confirmed
    [item_number1] => 
    [payer_id] => CNQKU3M5GQGD4
    [tax] => 0.00
    [address_street] => 1 Main St
    [payment_date] => 04:28:30 Nov 30, 2018 PST
    [payment_status] => Completed
    [charset] => UTF-8
    [address_zip] => 95131
    [first_name] => Rohan
    [mc_fee] => 43.80
    [address_country_code] => US
    [address_name] => Rohan Sawant
    [notify_version] => 3.9
    [custom] => {"order_id":6153,"order_key":"wc_order_5c012ccbed539"}
    [payer_status] => verified
    [business] => rrsawant-facilitator@gmail.com
    [address_country] => United States
    [num_cart_items] => 1
    [address_city] => San Jose
    [verify_sign] => A.YypzrtbnZ.vYwTcb3rR3VhOG7HATGy285gDdiYKZ4nXwmwK8wlGiaY
    [payer_email] => rohan-1@khacreation.com
    [txn_id] => 5G664138H5719874U
    [payment_type] => instant
    [last_name] => Sawant
    [address_state] => CA
    [item_name1] => ACT - 4 Point Guarantee (Group Enrollment: no)
    [receiver_email] => rrsawant-facilitator@gmail.com
    [payment_fee] => 43.80
    [shipping_discount] => 0.00
    [quantity1] => 1
    [insurance_amount] => 0.00
    [receiver_id] => CUVBV6JEF3SG6
    [txn_type] => cart
    [discount] => 0.00
    [mc_gross_1] => 1500.00
    [mc_currency] => USD
    [residence_country] => US
    [test_ipn] => 1
    [shipping_method] => Default
    [transaction_subject] => 
    [payment_gross] => 1500.00
    [ipn_track_id] => 3f76a92613cc1
)

11-30-2018 @ 12:28:38 - Checking IPN response is valid via https://ipnpb.sandbox.paypal.com/cgi-bin/webscr...
11-30-2018 @ 12:28:38 - IPN Request: Array
(
    [body] => Array
        (
            [cmd] => _notify-validate
            [mc_gross] => 1500.00
            [invoice] => WC-6153
            [protection_eligibility] => Eligible
            [address_status] => confirmed
            [item_number1] => 
            [payer_id] => CNQKU3M5GQGD4
            [tax] => 0.00
            [address_street] => 1 Main St
            [payment_date] => 04:28:30 Nov 30, 2018 PST
            [payment_status] => Completed
            [charset] => UTF-8
            [address_zip] => 95131
            [first_name] => Rohan
            [mc_fee] => 43.80
            [address_country_code] => US
            [address_name] => Rohan Sawant
            [notify_version] => 3.9
            [custom] => {"order_id":6153,"order_key":"wc_order_5c012ccbed539"}
            [payer_status] => verified
            [business] => rrsawant-facilitator@gmail.com
            [address_country] => United States
            [num_cart_items] => 1
            [address_city] => San Jose
            [verify_sign] => A.YypzrtbnZ.vYwTcb3rR3VhOG7HATGy285gDdiYKZ4nXwmwK8wlGiaY
            [payer_email] => rohan-1@khacreation.com
            [txn_id] => 5G664138H5719874U
            [payment_type] => instant
            [last_name] => Sawant
            [address_state] => CA
            [item_name1] => ACT - 4 Point Guarantee (Group Enrollment: no)
            [receiver_email] => rrsawant-facilitator@gmail.com
            [payment_fee] => 43.80
            [shipping_discount] => 0.00
            [quantity1] => 1
            [insurance_amount] => 0.00
            [receiver_id] => CUVBV6JEF3SG6
            [txn_type] => cart
            [discount] => 0.00
            [mc_gross_1] => 1500.00
            [mc_currency] => USD
            [residence_country] => US
            [test_ipn] => 1
            [shipping_method] => Default
            [transaction_subject] => 
            [payment_gross] => 1500.00
            [ipn_track_id] => 3f76a92613cc1
        )

    [sslverify] => 
    [timeout] => 60
    [httpversion] => 1.1
    [compress] => 
    [decompress] => 
    [user-agent] => paypal-ipn/
)

11-30-2018 @ 12:28:39 - IPN Response: Array
(
    [headers] => Requests_Utility_CaseInsensitiveDictionary Object
        (
            [data:protected] => Array
                (
                    [date] => Fri, 30 Nov 2018 12:28:38 GMT
                    [server] => Apache
                    [x-frame-options] => SAMEORIGIN
                    [set-cookie] => Array
                        (
                            [0] => c9MWDuvPtT9GIMyPc3jwol1VSlO=FpKRinQ79wlX6-jt0mE7JSOInW_lkubz_Cg1FZTXd3hDwGqT8O4EbG0ujcERWhpCa-GFDRqlk6tMfxinbTGJJfZE_68TTaN3HehEjLHYE-KNwPbAA7mkOgZZVzkjv0l1BxGIVh5YLrlUnzyEhaRXs3cbIx4jx_W8Z2yLiFQ6k5XF1O8rKxGRI7erEG5nXpGgKxVW9MbH61DQrKrty1qMOtDbjEPnCqmyQXBiYAMFtcbsvsWT4pVToCGtcbT2CXFsgXoNv6mVwi-5houKiosauDX66mT2aUSe349eS1J1CFR4rgCt7Qte8DVty9rZaZcg4KVA_h4HMtjq3qmHqHHnpYTLc0LS6Vq8K8ko2xUgBNGT2ShFcZbDD1ul4gRpgC8W1CuIok1aYsCdFMbTWFigilU-3hKllzr3Yu_ndH3DZk-BVwEKyUvOMT5bLSe; domain=.paypal.com; path=/; Secure; HttpOnly
                            [1] => cookie_check=yes; expires=Mon, 27-Nov-2028 12:28:39 GMT; domain=.paypal.com; path=/; Secure; HttpOnly
                            [2] => navcmd=_notify-validate; domain=.paypal.com; path=/; Secure; HttpOnly
                            [3] => navlns=0.0; expires=Sun, 29-Nov-2020 12:28:39 GMT; domain=.paypal.com; path=/; Secure; HttpOnly
                            [4] => Apache=10.72.108.11.1543580918843945; path=/; expires=Sun, 22-Nov-48 12:28:38 GMT
                        )

                    [vary] => Accept-Encoding,User-Agent
                    [content-encoding] => gzip
                    [content-type] => text/html; charset=UTF-8
                )

        )

    [body] => VERIFIED
    [response] => Array
        (
            [code] => 200
            [message] => OK
        )

    [cookies] => Array
        (
            [0] => WP_Http_Cookie Object
                (
                    [name] => c9MWDuvPtT9GIMyPc3jwol1VSlO
                    [value] => FpKRinQ79wlX6-jt0mE7JSOInW_lkubz_Cg1FZTXd3hDwGqT8O4EbG0ujcERWhpCa-GFDRqlk6tMfxinbTGJJfZE_68TTaN3HehEjLHYE-KNwPbAA7mkOgZZVzkjv0l1BxGIVh5YLrlUnzyEhaRXs3cbIx4jx_W8Z2yLiFQ6k5XF1O8rKxGRI7erEG5nXpGgKxVW9MbH61DQrKrty1qMOtDbjEPnCqmyQXBiYAMFtcbsvsWT4pVToCGtcbT2CXFsgXoNv6mVwi-5houKiosauDX66mT2aUSe349eS1J1CFR4rgCt7Qte8DVty9rZaZcg4KVA_h4HMtjq3qmHqHHnpYTLc0LS6Vq8K8ko2xUgBNGT2ShFcZbDD1ul4gRpgC8W1CuIok1aYsCdFMbTWFigilU-3hKllzr3Yu_ndH3DZk-BVwEKyUvOMT5bLSe
                    [expires] => 
                    [path] => /
                    [domain] => paypal.com
                )

            [1] => WP_Http_Cookie Object
                (
                    [name] => cookie_check
                    [value] => yes
                    [expires] => 1858940919
                    [path] => /
                    [domain] => paypal.com
                )

            [2] => WP_Http_Cookie Object
                (
                    [name] => navcmd
                    [value] => _notify-validate
                    [expires] => 
                    [path] => /
                    [domain] => paypal.com
                )

            [3] => WP_Http_Cookie Object
                (
                    [name] => navlns
                    [value] => 0.0
                    [expires] => 1606652919
                    [path] => /
                    [domain] => paypal.com
                )

            [4] => WP_Http_Cookie Object
                (
                    [name] => Apache
                    [value] => 10.72.108.11.1543580918843945
                    [expires] => 2489660918
                    [path] => /
                    [domain] => ipnpb.sandbox.paypal.com
                )

        )

    [filename] => 
    [http_response] => WP_HTTP_Requests_Response Object
        (
            [response:protected] => Requests_Response Object
                (
                    [body] => VERIFIED
                    [raw] => HTTP/1.1 200 OK
Date: Fri, 30 Nov 2018 12:28:38 GMT
Server: Apache
X-Frame-Options: SAMEORIGIN
Set-Cookie: c9MWDuvPtT9GIMyPc3jwol1VSlO=FpKRinQ79wlX6-jt0mE7JSOInW_lkubz_Cg1FZTXd3hDwGqT8O4EbG0ujcERWhpCa-GFDRqlk6tMfxinbTGJJfZE_68TTaN3HehEjLHYE-KNwPbAA7mkOgZZVzkjv0l1BxGIVh5YLrlUnzyEhaRXs3cbIx4jx_W8Z2yLiFQ6k5XF1O8rKxGRI7erEG5nXpGgKxVW9MbH61DQrKrty1qMOtDbjEPnCqmyQXBiYAMFtcbsvsWT4pVToCGtcbT2CXFsgXoNv6mVwi-5houKiosauDX66mT2aUSe349eS1J1CFR4rgCt7Qte8DVty9rZaZcg4KVA_h4HMtjq3qmHqHHnpYTLc0LS6Vq8K8ko2xUgBNGT2ShFcZbDD1ul4gRpgC8W1CuIok1aYsCdFMbTWFigilU-3hKllzr3Yu_ndH3DZk-BVwEKyUvOMT5bLSe; domain=.paypal.com; path=/; Secure; HttpOnly
Set-Cookie: cookie_check=yes; expires=Mon, 27-Nov-2028 12:28:39 GMT; domain=.paypal.com; path=/; Secure; HttpOnly
Set-Cookie: navcmd=_notify-validate; domain=.paypal.com; path=/; Secure; HttpOnly
Set-Cookie: navlns=0.0; expires=Sun, 29-Nov-2020 12:28:39 GMT; domain=.paypal.com; path=/; Secure; HttpOnly
Set-Cookie: Apache=10.72.108.11.1543580918843945; path=/; expires=Sun, 22-Nov-48 12:28:38 GMT
Vary: Accept-Encoding,User-Agent
Content-Encoding: gzip
Connection: close
Transfer-Encoding: chunked
Content-Type: text/html; charset=UTF-8

VERIFIED
                    [headers] => Requests_Response_Headers Object
                        (
                            [data:protected] => Array
                                (
                                    [date] => Array
                                        (
                                            [0] => Fri, 30 Nov 2018 12:28:38 GMT
                                        )

                                    [server] => Array
                                        (
                                            [0] => Apache
                                        )

                                    [x-frame-options] => Array
                                        (
                                            [0] => SAMEORIGIN
                                        )

                                    [set-cookie] => Array
                                        (
                                            [0] => c9MWDuvPtT9GIMyPc3jwol1VSlO=FpKRinQ79wlX6-jt0mE7JSOInW_lkubz_Cg1FZTXd3hDwGqT8O4EbG0ujcERWhpCa-GFDRqlk6tMfxinbTGJJfZE_68TTaN3HehEjLHYE-KNwPbAA7mkOgZZVzkjv0l1BxGIVh5YLrlUnzyEhaRXs3cbIx4jx_W8Z2yLiFQ6k5XF1O8rKxGRI7erEG5nXpGgKxVW9MbH61DQrKrty1qMOtDbjEPnCqmyQXBiYAMFtcbsvsWT4pVToCGtcbT2CXFsgXoNv6mVwi-5houKiosauDX66mT2aUSe349eS1J1CFR4rgCt7Qte8DVty9rZaZcg4KVA_h4HMtjq3qmHqHHnpYTLc0LS6Vq8K8ko2xUgBNGT2ShFcZbDD1ul4gRpgC8W1CuIok1aYsCdFMbTWFigilU-3hKllzr3Yu_ndH3DZk-BVwEKyUvOMT5bLSe; domain=.paypal.com; path=/; Secure; HttpOnly
                                            [1] => cookie_check=yes; expires=Mon, 27-Nov-2028 12:28:39 GMT; domain=.paypal.com; path=/; Secure; HttpOnly
                                            [2] => navcmd=_notify-validate; domain=.paypal.com; path=/; Secure; HttpOnly
                                            [3] => navlns=0.0; expires=Sun, 29-Nov-2020 12:28:39 GMT; domain=.paypal.com; path=/; Secure; HttpOnly
                                            [4] => Apache=10.72.108.11.1543580918843945; path=/; expires=Sun, 22-Nov-48 12:28:38 GMT
                                        )

                                    [vary] => Array
                                        (
                                            [0] => Accept-Encoding,User-Agent
                                        )

                                    [content-encoding] => Array
                                        (
                                            [0] => gzip
                                        )

                                    [content-type] => Array
                                        (
                                            [0] => text/html; charset=UTF-8
                                        )

                                )

                        )

                    [status_code] => 200
                    [protocol_version] => 1.1
                    [success] => 1
                    [redirects] => 0
                    [url] => https://ipnpb.sandbox.paypal.com/cgi-bin/webscr
                    [history] => Array
                        (
                        )

                    [cookies] => Requests_Cookie_Jar Object
                        (
                            [cookies:protected] => Array
                                (
                                    [c9MWDuvPtT9GIMyPc3jwol1VSlO] => Requests_Cookie Object
                                        (
                                            [name] => c9MWDuvPtT9GIMyPc3jwol1VSlO
                                            [value] => FpKRinQ79wlX6-jt0mE7JSOInW_lkubz_Cg1FZTXd3hDwGqT8O4EbG0ujcERWhpCa-GFDRqlk6tMfxinbTGJJfZE_68TTaN3HehEjLHYE-KNwPbAA7mkOgZZVzkjv0l1BxGIVh5YLrlUnzyEhaRXs3cbIx4jx_W8Z2yLiFQ6k5XF1O8rKxGRI7erEG5nXpGgKxVW9MbH61DQrKrty1qMOtDbjEPnCqmyQXBiYAMFtcbsvsWT4pVToCGtcbT2CXFsgXoNv6mVwi-5houKiosauDX66mT2aUSe349eS1J1CFR4rgCt7Qte8DVty9rZaZcg4KVA_h4HMtjq3qmHqHHnpYTLc0LS6Vq8K8ko2xUgBNGT2ShFcZbDD1ul4gRpgC8W1CuIok1aYsCdFMbTWFigilU-3hKllzr3Yu_ndH3DZk-BVwEKyUvOMT5bLSe
                                            [attributes] => Requests_Utility_CaseInsensitiveDictionary Object
                                                (
                                                    [data:protected] => Array
                                                        (
                                                            [domain] => paypal.com
                                                            [path] => /
                                                            [secure] => 1
                                                            [httponly] => 1
                                                        )

                                                )

                                            [flags] => Array
                                                (
                                                    [creation] => 1543580919
                                                    [last-access] => 1543580919
                                                    [persistent] => 
                                                    [host-only] => 
                                                )

                                            [reference_time] => 1543580919
                                        )

                                    [cookie_check] => Requests_Cookie Object
                                        (
                                            [name] => cookie_check
                                            [value] => yes
                                            [attributes] => Requests_Utility_CaseInsensitiveDictionary Object
                                                (
                                                    [data:protected] => Array
                                                        (
                                                            [expires] => 1858940919
                                                            [domain] => paypal.com
                                                            [path] => /
                                                            [secure] => 1
                                                            [httponly] => 1
                                                        )

                                                )

                                            [flags] => Array
                                                (
                                                    [creation] => 1543580919
                                                    [last-access] => 1543580919
                                                    [persistent] => 
                                                    [host-only] => 
                                                )

                                            [reference_time] => 1543580919
                                        )

                                    [navcmd] => Requests_Cookie Object
                                        (
                                            [name] => navcmd
                                            [value] => _notify-validate
                                            [attributes] => Requests_Utility_CaseInsensitiveDictionary Object
                                                (
                                                    [data:protected] => Array
                                                        (
                                                            [domain] => paypal.com
                                                            [path] => /
                                                            [secure] => 1
                                                            [httponly] => 1
                                                        )

                                                )

                                            [flags] => Array
                                                (
                                                    [creation] => 1543580919
                                                    [last-access] => 1543580919
                                                    [persistent] => 
                                                    [host-only] => 
                                                )

                                            [reference_time] => 1543580919
                                        )

                                    [navlns] => Requests_Cookie Object
                                        (
                                            [name] => navlns
                                            [value] => 0.0
                                            [attributes] => Requests_Utility_CaseInsensitiveDictionary Object
                                                (
                                                    [data:protected] => Array
                                                        (
                                                            [expires] => 1606652919
                                                            [domain] => paypal.com
                                                            [path] => /
                                                            [secure] => 1
                                                            [httponly] => 1
                                                        )

                                                )

                                            [flags] => Array
                                                (
                                                    [creation] => 1543580919
                                                    [last-access] => 1543580919
                                                    [persistent] => 
                                                    [host-only] => 
                                                )

                                            [reference_time] => 1543580919
                                        )

                                    [Apache] => Requests_Cookie Object
                                        (
                                            [name] => Apache
                                            [value] => 10.72.108.11.1543580918843945
                                            [attributes] => Requests_Utility_CaseInsensitiveDictionary Object
                                                (
                                                    [data:protected] => Array
                                                        (
                                                            [path] => /
                                                            [expires] => 2489660918
                                                            [domain] => ipnpb.sandbox.paypal.com
                                                        )

                                                )

                                            [flags] => Array
                                                (
                                                    [creation] => 1543580919
                                                    [last-access] => 1543580919
                                                    [persistent] => 
                                                    [host-only] => 1
                                                )

                                            [reference_time] => 1543580919
                                        )

                                )

                        )

                )

            [filename:protected] => 
            [data] => 
            [headers] => 
            [status] => 
        )

)

11-30-2018 @ 12:28:39 - Received valid response from PayPal
11-30-2018 @ 12:28:39 - Payment IPN Array: Array
(
    [mc_gross] => 1500.00
    [invoice] => WC-6153
    [protection_eligibility] => Eligible
    [address_status] => confirmed
    [item_number1] => 
    [payer_id] => CNQKU3M5GQGD4
    [tax] => 0.00
    [address_street] => 1 Main St
    [payment_date] => 04:28:30 Nov 30, 2018 PST
    [payment_status] => Completed
    [charset] => UTF-8
    [address_zip] => 95131
    [first_name] => Rohan
    [mc_fee] => 43.80
    [address_country_code] => US
    [address_name] => Rohan Sawant
    [notify_version] => 3.9
    [custom] => {"order_id":6153,"order_key":"wc_order_5c012ccbed539"}
    [payer_status] => verified
    [business] => rrsawant-facilitator@gmail.com
    [address_country] => United States
    [num_cart_items] => 1
    [address_city] => San Jose
    [verify_sign] => A.YypzrtbnZ.vYwTcb3rR3VhOG7HATGy285gDdiYKZ4nXwmwK8wlGiaY
    [payer_email] => rohan-1@khacreation.com
    [txn_id] => 5G664138H5719874U
    [payment_type] => instant
    [last_name] => Sawant
    [address_state] => CA
    [item_name1] => ACT - 4 Point Guarantee (Group Enrollment: no)
    [receiver_email] => rrsawant-facilitator@gmail.com
    [payment_fee] => 43.80
    [shipping_discount] => 0.00
    [quantity1] => 1
    [insurance_amount] => 0.00
    [receiver_id] => CUVBV6JEF3SG6
    [txn_type] => cart
    [discount] => 0.00
    [mc_gross_1] => 1500.00
    [mc_currency] => USD
    [residence_country] => US
    [test_ipn] => 1
    [shipping_method] => Default
    [transaction_subject] => 
    [payment_gross] => 1500.00
    [ipn_track_id] => 3f76a92613cc1
)

11-30-2018 @ 12:28:39 - Payment IPN_status: 1
11-30-2018 @ 12:28:39 - Payment status: Completed
11-30-2018 @ 12:28:39 - Payment transaction type: cart
12-04-2018 @ 14:08:26 - PayPal Request args: Array
(
    [cmd] => _cart
    [business] => rrsawant-facilitator@gmail.com
    [no_note] => 1
    [currency_code] => USD
    [charset] => utf-8
    [rm] => 1
    [upload] => 1
    [return] => http://52.52.33.58/checkout/order-received/6172/?key=wc_order_5c068a5a36099&utm_nooverride=1
    [cancel_return] => http://52.52.33.58/cart/?cancel_order=true&order=wc_order_5c068a5a36099&order_id=6172&redirect&_wpnonce=2a87f4f42b
    [page_style] => 
    [image_url] => 
    [paymentaction] => sale
    [bn] => AngellEYE_SP_WooCommerce
    [invoice] => WC-6172
    [custom] => {"order_id":6172,"order_key":"wc_order_5c068a5a36099"}
    [notify_url] => http://52.52.33.58/?AngellEYE_Paypal_Ipn_For_Wordpress&action=ipn_handler&keys=paypal_standard
    [first_name] => 
    [last_name] => 
    [address1] => 
    [address2] => 
    [city] => 
    [state] => 
    [zip] => 
    [country] => 
    [email] => rohan+1001@khacreation.com
    [night_phone_b] => 9090989090
    [address_override] => 0
    [no_shipping] => 0
    [tax_cart] => 0.00
    [item_name_1] => ACT - 4 Point Guarantee (Group Enrollment: no)
    [quantity_1] => 1
    [amount_1] => 1500
    [item_number_1] => 
)

12-04-2018 @ 14:09:11 - IPN paypal_ipn_for_wordpress_ipn_forwarding_handler: Array
(
    [mc_gross] => 1500.00
    [invoice] => WC-6172
    [protection_eligibility] => Eligible
    [address_status] => confirmed
    [item_number1] => 
    [payer_id] => CQXJJC2GVKQFE
    [tax] => 0.00
    [address_street] => 1 Main St
    [payment_date] => 06:09:03 Dec 04, 2018 PST
    [payment_status] => Completed
    [charset] => UTF-8
    [address_zip] => 95131
    [first_name] => Rohan
    [mc_fee] => 43.80
    [address_country_code] => US
    [address_name] => Rohan Sawant
    [notify_version] => 3.9
    [custom] => {"order_id":6172,"order_key":"wc_order_5c068a5a36099"}
    [payer_status] => verified
    [business] => rrsawant-facilitator@gmail.com
    [address_country] => United States
    [num_cart_items] => 1
    [address_city] => San Jose
    [verify_sign] => Ax.OPcqPbxTQu4ckEdorQ.v5AfTMA3dGTYw2H05qOVkMxnyJNDl-wxhv
    [payer_email] => rohan@khacreation.com
    [txn_id] => 38A26115F8051901S
    [payment_type] => instant
    [last_name] => Sawant
    [address_state] => CA
    [item_name1] => ACT - 4 Point Guarantee (Group Enrollment: no)
    [receiver_email] => rrsawant-facilitator@gmail.com
    [payment_fee] => 43.80
    [shipping_discount] => 0.00
    [quantity1] => 1
    [insurance_amount] => 0.00
    [receiver_id] => CUVBV6JEF3SG6
    [txn_type] => cart
    [discount] => 0.00
    [mc_gross_1] => 1500.00
    [mc_currency] => USD
    [residence_country] => US
    [test_ipn] => 1
    [shipping_method] => Default
    [transaction_subject] => 
    [payment_gross] => 1500.00
    [ipn_track_id] => 13f4fc06bcea0
)

12-04-2018 @ 14:09:11 - Checking IPN response is valid via https://ipnpb.sandbox.paypal.com/cgi-bin/webscr...
12-04-2018 @ 14:09:11 - IPN Request: Array
(
    [body] => Array
        (
            [cmd] => _notify-validate
            [mc_gross] => 1500.00
            [invoice] => WC-6172
            [protection_eligibility] => Eligible
            [address_status] => confirmed
            [item_number1] => 
            [payer_id] => CQXJJC2GVKQFE
            [tax] => 0.00
            [address_street] => 1 Main St
            [payment_date] => 06:09:03 Dec 04, 2018 PST
            [payment_status] => Completed
            [charset] => UTF-8
            [address_zip] => 95131
            [first_name] => Rohan
            [mc_fee] => 43.80
            [address_country_code] => US
            [address_name] => Rohan Sawant
            [notify_version] => 3.9
            [custom] => {"order_id":6172,"order_key":"wc_order_5c068a5a36099"}
            [payer_status] => verified
            [business] => rrsawant-facilitator@gmail.com
            [address_country] => United States
            [num_cart_items] => 1
            [address_city] => San Jose
            [verify_sign] => Ax.OPcqPbxTQu4ckEdorQ.v5AfTMA3dGTYw2H05qOVkMxnyJNDl-wxhv
            [payer_email] => rohan@khacreation.com
            [txn_id] => 38A26115F8051901S
            [payment_type] => instant
            [last_name] => Sawant
            [address_state] => CA
            [item_name1] => ACT - 4 Point Guarantee (Group Enrollment: no)
            [receiver_email] => rrsawant-facilitator@gmail.com
            [payment_fee] => 43.80
            [shipping_discount] => 0.00
            [quantity1] => 1
            [insurance_amount] => 0.00
            [receiver_id] => CUVBV6JEF3SG6
            [txn_type] => cart
            [discount] => 0.00
            [mc_gross_1] => 1500.00
            [mc_currency] => USD
            [residence_country] => US
            [test_ipn] => 1
            [shipping_method] => Default
            [transaction_subject] => 
            [payment_gross] => 1500.00
            [ipn_track_id] => 13f4fc06bcea0
        )

    [sslverify] => 
    [timeout] => 60
    [httpversion] => 1.1
    [compress] => 
    [decompress] => 
    [user-agent] => paypal-ipn/
)

12-04-2018 @ 14:09:12 - IPN Response: Array
(
    [headers] => Requests_Utility_CaseInsensitiveDictionary Object
        (
            [data:protected] => Array
                (
                    [date] => Tue, 04 Dec 2018 14:09:12 GMT
                    [server] => Apache
                    [x-frame-options] => SAMEORIGIN
                    [set-cookie] => Array
                        (
                            [0] => c9MWDuvPtT9GIMyPc3jwol1VSlO=zCkaAX1y6VYOH_dBjq0d8gromPnsGgJa7DIfdK66TSmCnZ_7VVNwHx6AiUVsdrAe5vshrCLGhAAaiWsua0b_gFDRv93tPQ90vxHhfrgJUC7ZYYTWk3lXhntoxpZoCq4wQQf84j0MAf8LUtq7lSe8828xBGowu-yE6IB90iCHEP0E7rT7pzXDFuQZMNbhEFOSa9UjM6pt-bUGUr-MfwerpO2KW3Su6-RMAjesyHXjOeZ3zvvsfEcOr4CyodNNzrFwkuaNeClcausvgBCsCpukgWHMQDqtKcDHnArc9xsol_WqFXMZkvVI7roCYQe2zjPxL-vBgbsTUs0dgHBGe_aP1cndKLu6tURkVdyTpLCGxW7eb8zlthB35MI6DwhjvVPzkBvkTUhxidZ1pQzY99kqSuHKl9gpAwm-pIaxzIr6R1zy2gOsTQVTLiOHtU0; domain=.paypal.com; path=/; Secure; HttpOnly
                            [1] => cookie_check=yes; expires=Fri, 01-Dec-2028 14:09:12 GMT; domain=.paypal.com; path=/; Secure; HttpOnly
                            [2] => navcmd=_notify-validate; domain=.paypal.com; path=/; Secure; HttpOnly
                            [3] => navlns=0.0; expires=Thu, 03-Dec-2020 14:09:12 GMT; domain=.paypal.com; path=/; Secure; HttpOnly
                            [4] => Apache=10.72.108.11.1543932552067598; path=/; expires=Thu, 26-Nov-48 14:09:12 GMT
                        )

                    [vary] => Accept-Encoding,User-Agent
                    [content-encoding] => gzip
                    [content-type] => text/html; charset=UTF-8
                )

        )

    [body] => VERIFIED
    [response] => Array
        (
            [code] => 200
            [message] => OK
        )

    [cookies] => Array
        (
            [0] => WP_Http_Cookie Object
                (
                    [name] => c9MWDuvPtT9GIMyPc3jwol1VSlO
                    [value] => zCkaAX1y6VYOH_dBjq0d8gromPnsGgJa7DIfdK66TSmCnZ_7VVNwHx6AiUVsdrAe5vshrCLGhAAaiWsua0b_gFDRv93tPQ90vxHhfrgJUC7ZYYTWk3lXhntoxpZoCq4wQQf84j0MAf8LUtq7lSe8828xBGowu-yE6IB90iCHEP0E7rT7pzXDFuQZMNbhEFOSa9UjM6pt-bUGUr-MfwerpO2KW3Su6-RMAjesyHXjOeZ3zvvsfEcOr4CyodNNzrFwkuaNeClcausvgBCsCpukgWHMQDqtKcDHnArc9xsol_WqFXMZkvVI7roCYQe2zjPxL-vBgbsTUs0dgHBGe_aP1cndKLu6tURkVdyTpLCGxW7eb8zlthB35MI6DwhjvVPzkBvkTUhxidZ1pQzY99kqSuHKl9gpAwm-pIaxzIr6R1zy2gOsTQVTLiOHtU0
                    [expires] => 
                    [path] => /
                    [domain] => paypal.com
                )

            [1] => WP_Http_Cookie Object
                (
                    [name] => cookie_check
                    [value] => yes
                    [expires] => 1859292552
                    [path] => /
                    [domain] => paypal.com
                )

            [2] => WP_Http_Cookie Object
                (
                    [name] => navcmd
                    [value] => _notify-validate
                    [expires] => 
                    [path] => /
                    [domain] => paypal.com
                )

            [3] => WP_Http_Cookie Object
                (
                    [name] => navlns
                    [value] => 0.0
                    [expires] => 1607004552
                    [path] => /
                    [domain] => paypal.com
                )

            [4] => WP_Http_Cookie Object
                (
                    [name] => Apache
                    [value] => 10.72.108.11.1543932552067598
                    [expires] => 2490012552
                    [path] => /
                    [domain] => ipnpb.sandbox.paypal.com
                )

        )

    [filename] => 
    [http_response] => WP_HTTP_Requests_Response Object
        (
            [response:protected] => Requests_Response Object
                (
                    [body] => VERIFIED
                    [raw] => HTTP/1.1 200 OK
Date: Tue, 04 Dec 2018 14:09:12 GMT
Server: Apache
X-Frame-Options: SAMEORIGIN
Set-Cookie: c9MWDuvPtT9GIMyPc3jwol1VSlO=zCkaAX1y6VYOH_dBjq0d8gromPnsGgJa7DIfdK66TSmCnZ_7VVNwHx6AiUVsdrAe5vshrCLGhAAaiWsua0b_gFDRv93tPQ90vxHhfrgJUC7ZYYTWk3lXhntoxpZoCq4wQQf84j0MAf8LUtq7lSe8828xBGowu-yE6IB90iCHEP0E7rT7pzXDFuQZMNbhEFOSa9UjM6pt-bUGUr-MfwerpO2KW3Su6-RMAjesyHXjOeZ3zvvsfEcOr4CyodNNzrFwkuaNeClcausvgBCsCpukgWHMQDqtKcDHnArc9xsol_WqFXMZkvVI7roCYQe2zjPxL-vBgbsTUs0dgHBGe_aP1cndKLu6tURkVdyTpLCGxW7eb8zlthB35MI6DwhjvVPzkBvkTUhxidZ1pQzY99kqSuHKl9gpAwm-pIaxzIr6R1zy2gOsTQVTLiOHtU0; domain=.paypal.com; path=/; Secure; HttpOnly
Set-Cookie: cookie_check=yes; expires=Fri, 01-Dec-2028 14:09:12 GMT; domain=.paypal.com; path=/; Secure; HttpOnly
Set-Cookie: navcmd=_notify-validate; domain=.paypal.com; path=/; Secure; HttpOnly
Set-Cookie: navlns=0.0; expires=Thu, 03-Dec-2020 14:09:12 GMT; domain=.paypal.com; path=/; Secure; HttpOnly
Set-Cookie: Apache=10.72.108.11.1543932552067598; path=/; expires=Thu, 26-Nov-48 14:09:12 GMT
Vary: Accept-Encoding,User-Agent
Content-Encoding: gzip
Connection: close
Transfer-Encoding: chunked
Content-Type: text/html; charset=UTF-8

VERIFIED
                    [headers] => Requests_Response_Headers Object
                        (
                            [data:protected] => Array
                                (
                                    [date] => Array
                                        (
                                            [0] => Tue, 04 Dec 2018 14:09:12 GMT
                                        )

                                    [server] => Array
                                        (
                                            [0] => Apache
                                        )

                                    [x-frame-options] => Array
                                        (
                                            [0] => SAMEORIGIN
                                        )

                                    [set-cookie] => Array
                                        (
                                            [0] => c9MWDuvPtT9GIMyPc3jwol1VSlO=zCkaAX1y6VYOH_dBjq0d8gromPnsGgJa7DIfdK66TSmCnZ_7VVNwHx6AiUVsdrAe5vshrCLGhAAaiWsua0b_gFDRv93tPQ90vxHhfrgJUC7ZYYTWk3lXhntoxpZoCq4wQQf84j0MAf8LUtq7lSe8828xBGowu-yE6IB90iCHEP0E7rT7pzXDFuQZMNbhEFOSa9UjM6pt-bUGUr-MfwerpO2KW3Su6-RMAjesyHXjOeZ3zvvsfEcOr4CyodNNzrFwkuaNeClcausvgBCsCpukgWHMQDqtKcDHnArc9xsol_WqFXMZkvVI7roCYQe2zjPxL-vBgbsTUs0dgHBGe_aP1cndKLu6tURkVdyTpLCGxW7eb8zlthB35MI6DwhjvVPzkBvkTUhxidZ1pQzY99kqSuHKl9gpAwm-pIaxzIr6R1zy2gOsTQVTLiOHtU0; domain=.paypal.com; path=/; Secure; HttpOnly
                                            [1] => cookie_check=yes; expires=Fri, 01-Dec-2028 14:09:12 GMT; domain=.paypal.com; path=/; Secure; HttpOnly
                                            [2] => navcmd=_notify-validate; domain=.paypal.com; path=/; Secure; HttpOnly
                                            [3] => navlns=0.0; expires=Thu, 03-Dec-2020 14:09:12 GMT; domain=.paypal.com; path=/; Secure; HttpOnly
                                            [4] => Apache=10.72.108.11.1543932552067598; path=/; expires=Thu, 26-Nov-48 14:09:12 GMT
                                        )

                                    [vary] => Array
                                        (
                                            [0] => Accept-Encoding,User-Agent
                                        )

                                    [content-encoding] => Array
                                        (
                                            [0] => gzip
                                        )

                                    [content-type] => Array
                                        (
                                            [0] => text/html; charset=UTF-8
                                        )

                                )

                        )

                    [status_code] => 200
                    [protocol_version] => 1.1
                    [success] => 1
                    [redirects] => 0
                    [url] => https://ipnpb.sandbox.paypal.com/cgi-bin/webscr
                    [history] => Array
                        (
                        )

                    [cookies] => Requests_Cookie_Jar Object
                        (
                            [cookies:protected] => Array
                                (
                                    [c9MWDuvPtT9GIMyPc3jwol1VSlO] => Requests_Cookie Object
                                        (
                                            [name] => c9MWDuvPtT9GIMyPc3jwol1VSlO
                                            [value] => zCkaAX1y6VYOH_dBjq0d8gromPnsGgJa7DIfdK66TSmCnZ_7VVNwHx6AiUVsdrAe5vshrCLGhAAaiWsua0b_gFDRv93tPQ90vxHhfrgJUC7ZYYTWk3lXhntoxpZoCq4wQQf84j0MAf8LUtq7lSe8828xBGowu-yE6IB90iCHEP0E7rT7pzXDFuQZMNbhEFOSa9UjM6pt-bUGUr-MfwerpO2KW3Su6-RMAjesyHXjOeZ3zvvsfEcOr4CyodNNzrFwkuaNeClcausvgBCsCpukgWHMQDqtKcDHnArc9xsol_WqFXMZkvVI7roCYQe2zjPxL-vBgbsTUs0dgHBGe_aP1cndKLu6tURkVdyTpLCGxW7eb8zlthB35MI6DwhjvVPzkBvkTUhxidZ1pQzY99kqSuHKl9gpAwm-pIaxzIr6R1zy2gOsTQVTLiOHtU0
                                            [attributes] => Requests_Utility_CaseInsensitiveDictionary Object
                                                (
                                                    [data:protected] => Array
                                                        (
                                                            [domain] => paypal.com
                                                            [path] => /
                                                            [secure] => 1
                                                            [httponly] => 1
                                                        )

                                                )

                                            [flags] => Array
                                                (
                                                    [creation] => 1543932552
                                                    [last-access] => 1543932552
                                                    [persistent] => 
                                                    [host-only] => 
                                                )

                                            [reference_time] => 1543932552
                                        )

                                    [cookie_check] => Requests_Cookie Object
                                        (
                                            [name] => cookie_check
                                            [value] => yes
                                            [attributes] => Requests_Utility_CaseInsensitiveDictionary Object
                                                (
                                                    [data:protected] => Array
                                                        (
                                                            [expires] => 1859292552
                                                            [domain] => paypal.com
                                                            [path] => /
                                                            [secure] => 1
                                                            [httponly] => 1
                                                        )

                                                )

                                            [flags] => Array
                                                (
                                                    [creation] => 1543932552
                                                    [last-access] => 1543932552
                                                    [persistent] => 
                                                    [host-only] => 
                                                )

                                            [reference_time] => 1543932552
                                        )

                                    [navcmd] => Requests_Cookie Object
                                        (
                                            [name] => navcmd
                                            [value] => _notify-validate
                                            [attributes] => Requests_Utility_CaseInsensitiveDictionary Object
                                                (
                                                    [data:protected] => Array
                                                        (
                                                            [domain] => paypal.com
                                                            [path] => /
                                                            [secure] => 1
                                                            [httponly] => 1
                                                        )

                                                )

                                            [flags] => Array
                                                (
                                                    [creation] => 1543932552
                                                    [last-access] => 1543932552
                                                    [persistent] => 
                                                    [host-only] => 
                                                )

                                            [reference_time] => 1543932552
                                        )

                                    [navlns] => Requests_Cookie Object
                                        (
                                            [name] => navlns
                                            [value] => 0.0
                                            [attributes] => Requests_Utility_CaseInsensitiveDictionary Object
                                                (
                                                    [data:protected] => Array
                                                        (
                                                            [expires] => 1607004552
                                                            [domain] => paypal.com
                                                            [path] => /
                                                            [secure] => 1
                                                            [httponly] => 1
                                                        )

                                                )

                                            [flags] => Array
                                                (
                                                    [creation] => 1543932552
                                                    [last-access] => 1543932552
                                                    [persistent] => 
                                                    [host-only] => 
                                                )

                                            [reference_time] => 1543932552
                                        )

                                    [Apache] => Requests_Cookie Object
                                        (
                                            [name] => Apache
                                            [value] => 10.72.108.11.1543932552067598
                                            [attributes] => Requests_Utility_CaseInsensitiveDictionary Object
                                                (
                                                    [data:protected] => Array
                                                        (
                                                            [path] => /
                                                            [expires] => 2490012552
                                                            [domain] => ipnpb.sandbox.paypal.com
                                                        )

                                                )

                                            [flags] => Array
                                                (
                                                    [creation] => 1543932552
                                                    [last-access] => 1543932552
                                                    [persistent] => 
                                                    [host-only] => 1
                                                )

                                            [reference_time] => 1543932552
                                        )

                                )

                        )

                )

            [filename:protected] => 
            [data] => 
            [headers] => 
            [status] => 
        )

)

12-04-2018 @ 14:09:12 - Received valid response from PayPal
12-04-2018 @ 14:09:12 - Payment IPN Array: Array
(
    [mc_gross] => 1500.00
    [invoice] => WC-6172
    [protection_eligibility] => Eligible
    [address_status] => confirmed
    [item_number1] => 
    [payer_id] => CQXJJC2GVKQFE
    [tax] => 0.00
    [address_street] => 1 Main St
    [payment_date] => 06:09:03 Dec 04, 2018 PST
    [payment_status] => Completed
    [charset] => UTF-8
    [address_zip] => 95131
    [first_name] => Rohan
    [mc_fee] => 43.80
    [address_country_code] => US
    [address_name] => Rohan Sawant
    [notify_version] => 3.9
    [custom] => {"order_id":6172,"order_key":"wc_order_5c068a5a36099"}
    [payer_status] => verified
    [business] => rrsawant-facilitator@gmail.com
    [address_country] => United States
    [num_cart_items] => 1
    [address_city] => San Jose
    [verify_sign] => Ax.OPcqPbxTQu4ckEdorQ.v5AfTMA3dGTYw2H05qOVkMxnyJNDl-wxhv
    [payer_email] => rohan@khacreation.com
    [txn_id] => 38A26115F8051901S
    [payment_type] => instant
    [last_name] => Sawant
    [address_state] => CA
    [item_name1] => ACT - 4 Point Guarantee (Group Enrollment: no)
    [receiver_email] => rrsawant-facilitator@gmail.com
    [payment_fee] => 43.80
    [shipping_discount] => 0.00
    [quantity1] => 1
    [insurance_amount] => 0.00
    [receiver_id] => CUVBV6JEF3SG6
    [txn_type] => cart
    [discount] => 0.00
    [mc_gross_1] => 1500.00
    [mc_currency] => USD
    [residence_country] => US
    [test_ipn] => 1
    [shipping_method] => Default
    [transaction_subject] => 
    [payment_gross] => 1500.00
    [ipn_track_id] => 13f4fc06bcea0
)

12-04-2018 @ 14:09:12 - Payment IPN_status: 1
12-04-2018 @ 14:09:12 - Payment status: Completed
12-04-2018 @ 14:09:12 - Payment transaction type: cart
