2018-11-26T06:49:25+00:00 INFO Generating payment form for order 6118. Notify URL: http://52.52.33.58/packages/wc-api/WC_Gateway_Paypal/
2018-11-26T06:49:25+00:00 INFO PayPal Request Args for order 6118: Array
(
    [cmd] => _cart
    [business] => rrsawant-facilitator@gmail.com
    [no_note] => 1
    [currency_code] => USD
    [charset] => utf-8
    [rm] => 1
    [upload] => 1
    [return] => http://52.52.33.58/packages/checkout/order-received/6118/?key=wc_order_5bfb977551c03&utm_nooverride=1
    [cancel_return] => http://52.52.33.58/packages/cart/?cancel_order=true&order=wc_order_5bfb977551c03&order_id=6118&redirect&_wpnonce=90ca96dc41
    [page_style] => 
    [image_url] => 
    [paymentaction] => sale
    [bn] => WooThemes_Cart
    [invoice] => WC-6118
    [custom] => {"order_id":6118,"order_key":"wc_order_5bfb977551c03"}
    [notify_url] => http://52.52.33.58/packages/wc-api/WC_Gateway_Paypal/
    [first_name] => ***
    [last_name] => ***
    [address1] => ***
    [address2] => ***
    [city] => ***
    [state] => ***
    [zip] => ***
    [country] => ***
    [email] => ***@***
    [night_phone_a] => ***
    [night_phone_b] => ***
    [night_phone_c] => ***
    [address_override] => 0
    [no_shipping] => 0
    [tax_cart] => 0.00
    [item_name_1] => ACT (Group Enrollment: no)
    [quantity_1] => 1
    [amount_1] => 50
    [item_number_1] => 
)

2018-11-26T06:50:29+00:00 INFO Checking IPN response is valid
2018-11-26T06:50:30+00:00 INFO IPN Response: Array
(
    [headers] => Requests_Utility_CaseInsensitiveDictionary Object
        (
            [data:protected] => Array
                (
                    [date] => Mon, 26 Nov 2018 06:50:29 GMT
                    [server] => Apache
                    [x-frame-options] => SAMEORIGIN
                    [set-cookie] => Array
                        (
                            [0] => c9MWDuvPtT9GIMyPc3jwol1VSlO=uk5_AdPkNRTjZ3amYo5gg1Ma1rOJc8bvXhh6HtQ8X4Vf9Rdwd0FH7SpWuauW-QGkl8UlrOqgJf_fxgs7jiY-n-sqAMmRXbiAweatBX2bZLi-5mvifbpcWWSDrUb-XGoqupBt9c1-pboDEUe06mKnZDC4Vm6uL87rjuNdV9jUA482tYVDXzD-AC-EnZaR9-Bt5DKyagu5Z2M9GLGnY3hzH9Pv1_haupHPBKPwofqzqglnSFtI9Ea-Wf97_k4MqhDsVvTLccaM3Nr60lQQkoeEcnC8RTF1yaV5QxPHtZYzWE6iD1FWtLlgufV6IKYNrewQNOncDipWiFJvlXl71TdQtepyHENRldVow5R2chrlOxQYSJZr7A_YkWRPAvvW49DiE1M5QLnY47xZLm8o0wlIvvF-f1-MKGrxjdQ8jMapaMN3z6JGmRNkImzMRpO; domain=.paypal.com; path=/; Secure; HttpOnly
                            [1] => cookie_check=yes; expires=Thu, 23-Nov-2028 06:50:30 GMT; domain=.paypal.com; path=/; Secure; HttpOnly
                            [2] => navcmd=_notify-validate; domain=.paypal.com; path=/; Secure; HttpOnly
                            [3] => navlns=0.0; expires=Wed, 25-Nov-2020 06:50:30 GMT; domain=.paypal.com; path=/; Secure; HttpOnly
                            [4] => Apache=10.72.108.11.1543215029947115; path=/; expires=Wed, 18-Nov-48 06:50:29 GMT
                            [5] => X-PP-SILOVER=name%3DSANDBOX3.WEB.1%26silo_version%3D1880%26app%3Dappdispatcher%26TIME%3D3046636379%26HTTP_X_PP_AZ_LOCATOR%3Dsandbox.slc; Expires=Mon, 26 Nov 2018 07:20:30 GMT; domain=.paypal.com; path=/; Secure; HttpOnly
                            [6] => X-PP-SILOVER=; Expires=Thu, 01 Jan 1970 00:00:01 GMT
                        )

                    [vary] => Accept-Encoding,User-Agent
                    [http_x_pp_az_locator] => sandbox.slc
                    [content-encoding] => gzip
                    [paypal-debug-id] => ea881d07e4041
                    [content-type] => text/html; charset=UTF-8
                    [strict-transport-security] => max-age=63072000
                )

        )

    [body] => VERIFIED
    [response] => Array
        (
            [code] => 200
            [message] => OK
        )

    [cookies] => Array
        (
            [0] => WP_Http_Cookie Object
                (
                    [name] => c9MWDuvPtT9GIMyPc3jwol1VSlO
                    [value] => uk5_AdPkNRTjZ3amYo5gg1Ma1rOJc8bvXhh6HtQ8X4Vf9Rdwd0FH7SpWuauW-QGkl8UlrOqgJf_fxgs7jiY-n-sqAMmRXbiAweatBX2bZLi-5mvifbpcWWSDrUb-XGoqupBt9c1-pboDEUe06mKnZDC4Vm6uL87rjuNdV9jUA482tYVDXzD-AC-EnZaR9-Bt5DKyagu5Z2M9GLGnY3hzH9Pv1_haupHPBKPwofqzqglnSFtI9Ea-Wf97_k4MqhDsVvTLccaM3Nr60lQQkoeEcnC8RTF1yaV5QxPHtZYzWE6iD1FWtLlgufV6IKYNrewQNOncDipWiFJvlXl71TdQtepyHENRldVow5R2chrlOxQYSJZr7A_YkWRPAvvW49DiE1M5QLnY47xZLm8o0wlIvvF-f1-MKGrxjdQ8jMapaMN3z6JGmRNkImzMRpO
                    [expires] => 
                    [path] => /
                    [domain] => paypal.com
                )

            [1] => WP_Http_Cookie Object
                (
                    [name] => cookie_check
                    [value] => yes
                    [expires] => 1858575030
                    [path] => /
                    [domain] => paypal.com
                )

            [2] => WP_Http_Cookie Object
                (
                    [name] => navcmd
                    [value] => _notify-validate
                    [expires] => 
                    [path] => /
                    [domain] => paypal.com
                )

            [3] => WP_Http_Cookie Object
                (
                    [name] => navlns
                    [value] => 0.0
                    [expires] => 1606287030
                    [path] => /
                    [domain] => paypal.com
                )

            [4] => WP_Http_Cookie Object
                (
                    [name] => Apache
                    [value] => 10.72.108.11.1543215029947115
                    [expires] => 2489295029
                    [path] => /
                    [domain] => www.sandbox.paypal.com
                )

            [5] => WP_Http_Cookie Object
                (
                    [name] => X-PP-SILOVER
                    [value] => 
                    [expires] => 1
                    [path] => /cgi-bin
                    [domain] => www.sandbox.paypal.com
                )

        )

    [filename] => 
    [http_response] => WP_HTTP_Requests_Response Object
        (
            [response:protected] => Requests_Response Object
                (
                    [body] => VERIFIED
                    [raw] => HTTP/1.1 200 OK
Date: Mon, 26 Nov 2018 06:50:29 GMT
Server: Apache
X-Frame-Options: SAMEORIGIN
Set-Cookie: c9MWDuvPtT9GIMyPc3jwol1VSlO=uk5_AdPkNRTjZ3amYo5gg1Ma1rOJc8bvXhh6HtQ8X4Vf9Rdwd0FH7SpWuauW-QGkl8UlrOqgJf_fxgs7jiY-n-sqAMmRXbiAweatBX2bZLi-5mvifbpcWWSDrUb-XGoqupBt9c1-pboDEUe06mKnZDC4Vm6uL87rjuNdV9jUA482tYVDXzD-AC-EnZaR9-Bt5DKyagu5Z2M9GLGnY3hzH9Pv1_haupHPBKPwofqzqglnSFtI9Ea-Wf97_k4MqhDsVvTLccaM3Nr60lQQkoeEcnC8RTF1yaV5QxPHtZYzWE6iD1FWtLlgufV6IKYNrewQNOncDipWiFJvlXl71TdQtepyHENRldVow5R2chrlOxQYSJZr7A_YkWRPAvvW49DiE1M5QLnY47xZLm8o0wlIvvF-f1-MKGrxjdQ8jMapaMN3z6JGmRNkImzMRpO; domain=.paypal.com; path=/; Secure; HttpOnly
Set-Cookie: cookie_check=yes; expires=Thu, 23-Nov-2028 06:50:30 GMT; domain=.paypal.com; path=/; Secure; HttpOnly
Set-Cookie: navcmd=_notify-validate; domain=.paypal.com; path=/; Secure; HttpOnly
Set-Cookie: navlns=0.0; expires=Wed, 25-Nov-2020 06:50:30 GMT; domain=.paypal.com; path=/; Secure; HttpOnly
Set-Cookie: Apache=10.72.108.11.1543215029947115; path=/; expires=Wed, 18-Nov-48 06:50:29 GMT
Vary: Accept-Encoding,User-Agent
Connection: close
HTTP_X_PP_AZ_LOCATOR: sandbox.slc
Content-Encoding: gzip
Paypal-Debug-Id: ea881d07e4041
Set-Cookie: X-PP-SILOVER=name%3DSANDBOX3.WEB.1%26silo_version%3D1880%26app%3Dappdispatcher%26TIME%3D3046636379%26HTTP_X_PP_AZ_LOCATOR%3Dsandbox.slc; Expires=Mon, 26 Nov 2018 07:20:30 GMT; domain=.paypal.com; path=/; Secure; HttpOnly
Set-Cookie: X-PP-SILOVER=; Expires=Thu, 01 Jan 1970 00:00:01 GMT
Content-Type: text/html; charset=UTF-8
Strict-Transport-Security: max-age=63072000

VERIFIED
                    [headers] => Requests_Response_Headers Object
                        (
                            [data:protected] => Array
                                (
                                    [date] => Array
                                        (
                                            [0] => Mon, 26 Nov 2018 06:50:29 GMT
                                        )

                                    [server] => Array
                                        (
                                            [0] => Apache
                                        )

                                    [x-frame-options] => Array
                                        (
                                            [0] => SAMEORIGIN
                                        )

                                    [set-cookie] => Array
                                        (
                                            [0] => c9MWDuvPtT9GIMyPc3jwol1VSlO=uk5_AdPkNRTjZ3amYo5gg1Ma1rOJc8bvXhh6HtQ8X4Vf9Rdwd0FH7SpWuauW-QGkl8UlrOqgJf_fxgs7jiY-n-sqAMmRXbiAweatBX2bZLi-5mvifbpcWWSDrUb-XGoqupBt9c1-pboDEUe06mKnZDC4Vm6uL87rjuNdV9jUA482tYVDXzD-AC-EnZaR9-Bt5DKyagu5Z2M9GLGnY3hzH9Pv1_haupHPBKPwofqzqglnSFtI9Ea-Wf97_k4MqhDsVvTLccaM3Nr60lQQkoeEcnC8RTF1yaV5QxPHtZYzWE6iD1FWtLlgufV6IKYNrewQNOncDipWiFJvlXl71TdQtepyHENRldVow5R2chrlOxQYSJZr7A_YkWRPAvvW49DiE1M5QLnY47xZLm8o0wlIvvF-f1-MKGrxjdQ8jMapaMN3z6JGmRNkImzMRpO; domain=.paypal.com; path=/; Secure; HttpOnly
                                            [1] => cookie_check=yes; expires=Thu, 23-Nov-2028 06:50:30 GMT; domain=.paypal.com; path=/; Secure; HttpOnly
                                            [2] => navcmd=_notify-validate; domain=.paypal.com; path=/; Secure; HttpOnly
                                            [3] => navlns=0.0; expires=Wed, 25-Nov-2020 06:50:30 GMT; domain=.paypal.com; path=/; Secure; HttpOnly
                                            [4] => Apache=10.72.108.11.1543215029947115; path=/; expires=Wed, 18-Nov-48 06:50:29 GMT
                                            [5] => X-PP-SILOVER=name%3DSANDBOX3.WEB.1%26silo_version%3D1880%26app%3Dappdispatcher%26TIME%3D3046636379%26HTTP_X_PP_AZ_LOCATOR%3Dsandbox.slc; Expires=Mon, 26 Nov 2018 07:20:30 GMT; domain=.paypal.com; path=/; Secure; HttpOnly
                                            [6] => X-PP-SILOVER=; Expires=Thu, 01 Jan 1970 00:00:01 GMT
                                        )

                                    [vary] => Array
                                        (
                                            [0] => Accept-Encoding,User-Agent
                                        )

                                    [http_x_pp_az_locator] => Array
                                        (
                                            [0] => sandbox.slc
                                        )

                                    [content-encoding] => Array
                                        (
                                            [0] => gzip
                                        )

                                    [paypal-debug-id] => Array
                                        (
                                            [0] => ea881d07e4041
                                        )

                                    [content-type] => Array
                                        (
                                            [0] => text/html; charset=UTF-8
                                        )

                                    [strict-transport-security] => Array
                                        (
                                            [0] => max-age=63072000
                                        )

                                )

                        )

                    [status_code] => 200
                    [protocol_version] => 1.1
                    [success] => 1
                    [redirects] => 0
                    [url] => https://www.sandbox.paypal.com/cgi-bin/webscr
                    [history] => Array
                        (
                        )

                    [cookies] => Requests_Cookie_Jar Object
                        (
                            [cookies:protected] => Array
                                (
                                    [c9MWDuvPtT9GIMyPc3jwol1VSlO] => Requests_Cookie Object
                                        (
                                            [name] => c9MWDuvPtT9GIMyPc3jwol1VSlO
                                            [value] => uk5_AdPkNRTjZ3amYo5gg1Ma1rOJc8bvXhh6HtQ8X4Vf9Rdwd0FH7SpWuauW-QGkl8UlrOqgJf_fxgs7jiY-n-sqAMmRXbiAweatBX2bZLi-5mvifbpcWWSDrUb-XGoqupBt9c1-pboDEUe06mKnZDC4Vm6uL87rjuNdV9jUA482tYVDXzD-AC-EnZaR9-Bt5DKyagu5Z2M9GLGnY3hzH9Pv1_haupHPBKPwofqzqglnSFtI9Ea-Wf97_k4MqhDsVvTLccaM3Nr60lQQkoeEcnC8RTF1yaV5QxPHtZYzWE6iD1FWtLlgufV6IKYNrewQNOncDipWiFJvlXl71TdQtepyHENRldVow5R2chrlOxQYSJZr7A_YkWRPAvvW49DiE1M5QLnY47xZLm8o0wlIvvF-f1-MKGrxjdQ8jMapaMN3z6JGmRNkImzMRpO
                                            [attributes] => Requests_Utility_CaseInsensitiveDictionary Object
                                                (
                                                    [data:protected] => Array
                                                        (
                                                            [domain] => paypal.com
                                                            [path] => /
                                                            [secure] => 1
                                                            [httponly] => 1
                                                        )

                                                )

                                            [flags] => Array
                                                (
                                                    [creation] => 1543215030
                                                    [last-access] => 1543215030
                                                    [persistent] => 
                                                    [host-only] => 
                                                )

                                            [reference_time] => 1543215030
                                        )

                                    [cookie_check] => Requests_Cookie Object
                                        (
                                            [name] => cookie_check
                                            [value] => yes
                                            [attributes] => Requests_Utility_CaseInsensitiveDictionary Object
                                                (
                                                    [data:protected] => Array
                                                        (
                                                            [expires] => 1858575030
                                                            [domain] => paypal.com
                                                            [path] => /
                                                            [secure] => 1
                                                            [httponly] => 1
                                                        )

                                                )

                                            [flags] => Array
                                                (
                                                    [creation] => 1543215030
                                                    [last-access] => 1543215030
                                                    [persistent] => 
                                                    [host-only] => 
                                                )

                                            [reference_time] => 1543215030
                                        )

                                    [navcmd] => Requests_Cookie Object
                                        (
                                            [name] => navcmd
                                            [value] => _notify-validate
                                            [attributes] => Requests_Utility_CaseInsensitiveDictionary Object
                                                (
                                                    [data:protected] => Array
                                                        (
                                                            [domain] => paypal.com
                                                            [path] => /
                                                            [secure] => 1
                                                            [httponly] => 1
                                                        )

                                                )

                                            [flags] => Array
                                                (
                                                    [creation] => 1543215030
                                                    [last-access] => 1543215030
                                                    [persistent] => 
                                                    [host-only] => 
                                                )

                                            [reference_time] => 1543215030
                                        )

                                    [navlns] => Requests_Cookie Object
                                        (
                                            [name] => navlns
                                            [value] => 0.0
                                            [attributes] => Requests_Utility_CaseInsensitiveDictionary Object
                                                (
                                                    [data:protected] => Array
                                                        (
                                                            [expires] => 1606287030
                                                            [domain] => paypal.com
                                                            [path] => /
                                                            [secure] => 1
                                                            [httponly] => 1
                                                        )

                                                )

                                            [flags] => Array
                                                (
                                                    [creation] => 1543215030
                                                    [last-access] => 1543215030
                                                    [persistent] => 
                                                    [host-only] => 
                                                )

                                            [reference_time] => 1543215030
                                        )

                                    [Apache] => Requests_Cookie Object
                                        (
                                            [name] => Apache
                                            [value] => 10.72.108.11.1543215029947115
                                            [attributes] => Requests_Utility_CaseInsensitiveDictionary Object
                                                (
                                                    [data:protected] => Array
                                                        (
                                                            [path] => /
                                                            [expires] => 2489295029
                                                            [domain] => www.sandbox.paypal.com
                                                        )

                                                )

                                            [flags] => Array
                                                (
                                                    [creation] => 1543215030
                                                    [last-access] => 1543215030
                                                    [persistent] => 
                                                    [host-only] => 1
                                                )

                                            [reference_time] => 1543215030
                                        )

                                    [X-PP-SILOVER] => Requests_Cookie Object
                                        (
                                            [name] => X-PP-SILOVER
                                            [value] => 
                                            [attributes] => Requests_Utility_CaseInsensitiveDictionary Object
                                                (
                                                    [data:protected] => Array
                                                        (
                                                            [expires] => 1
                                                            [domain] => www.sandbox.paypal.com
                                                            [path] => /cgi-bin
                                                        )

                                                )

                                            [flags] => Array
                                                (
                                                    [creation] => 1543215030
                                                    [last-access] => 1543215030
                                                    [persistent] => 
                                                    [host-only] => 1
                                                )

                                            [reference_time] => 1543215030
                                        )

                                )

                        )

                )

            [filename:protected] => 
            [data] => 
            [headers] => 
            [status] => 
        )

)

2018-11-26T06:50:30+00:00 INFO Received valid response from PayPal IPN
2018-11-26T06:50:30+00:00 INFO Found order #6118
2018-11-26T06:50:30+00:00 INFO Payment status: completed
2018-11-26T09:21:02+00:00 INFO Generating payment form for order 6124. Notify URL: http://52.52.33.58/packages/wc-api/WC_Gateway_Paypal/
2018-11-26T09:21:02+00:00 INFO PayPal Request Args for order 6124: Array
(
    [cmd] => _cart
    [business] => rrsawant-facilitator@gmail.com
    [no_note] => 1
    [currency_code] => USD
    [charset] => utf-8
    [rm] => 1
    [upload] => 1
    [return] => http://52.52.33.58/packages/checkout/order-received/6124/?key=wc_order_5bfbbafd4b74f&utm_nooverride=1
    [cancel_return] => http://52.52.33.58/packages/cart/?cancel_order=true&order=wc_order_5bfbbafd4b74f&order_id=6124&redirect&_wpnonce=b21b479228
    [page_style] => 
    [image_url] => 
    [paymentaction] => sale
    [bn] => WooThemes_Cart
    [invoice] => WC-6124
    [custom] => {"order_id":6124,"order_key":"wc_order_5bfbbafd4b74f"}
    [notify_url] => http://52.52.33.58/packages/wc-api/WC_Gateway_Paypal/
    [first_name] => ***
    [last_name] => ***
    [address1] => ***
    [address2] => ***
    [city] => ***
    [state] => ***
    [zip] => ***
    [country] => ***
    [email] => ***@***
    [night_phone_a] => ***
    [night_phone_b] => ***
    [night_phone_c] => ***
    [address_override] => 0
    [no_shipping] => 0
    [tax_cart] => 0.00
    [item_name_1] => ACT (Group Enrollment: no)
    [quantity_1] => 1
    [amount_1] => 50
    [item_number_1] => 
)

2018-11-26T09:21:48+00:00 INFO Checking IPN response is valid
2018-11-26T09:21:48+00:00 INFO IPN Response: Array
(
    [headers] => Requests_Utility_CaseInsensitiveDictionary Object
        (
            [data:protected] => Array
                (
                    [date] => Mon, 26 Nov 2018 09:21:48 GMT
                    [server] => Apache
                    [x-frame-options] => SAMEORIGIN
                    [set-cookie] => Array
                        (
                            [0] => c9MWDuvPtT9GIMyPc3jwol1VSlO=oYlJxosWYPjBhouKAC5laQFymseNC2B-rv58reesC7m8TEdKzyEQL3hKNpDrxQUWJDL68SWKT9fDp8ZuRJjEGZtu8u4jzPz3Z8LxXuZziPpDvs-_tRSUzGwSkdpNtOfe23IrU_-OWgxT4OTwt6NAge5smGHxhzAntBcmEvBl1b32b_82z0P7KRsjLDCZdDbPYzXpe9WqLKkZ1K_kd-IB1W6J7LPgBHdF1aiMj1s9EDuYHIP2NU69SSUmhMA6P-gLnrC8B-9cQ9mDtzkqt4CQAw2T73xjLGQGawF0b2_ahVbi7CAhYBTgYiyV4maVIBMDgH8-ofBQz4Ly8WDjSkOidluT-NRT0JhrHdSl4HwzlvGT2om_fYMzEEEZDd3nvp24cgnY4sy0uqRskXWDPS4RuxqiNYBgvshT12ez3CQWKkTA8kov9bTwqtl3Kiq; domain=.paypal.com; path=/; Secure; HttpOnly
                            [1] => cookie_check=yes; expires=Thu, 23-Nov-2028 09:21:48 GMT; domain=.paypal.com; path=/; Secure; HttpOnly
                            [2] => navcmd=_notify-validate; domain=.paypal.com; path=/; Secure; HttpOnly
                            [3] => navlns=0.0; expires=Wed, 25-Nov-2020 09:21:48 GMT; domain=.paypal.com; path=/; Secure; HttpOnly
                            [4] => Apache=10.72.108.11.1543224108473431; path=/; expires=Wed, 18-Nov-48 09:21:48 GMT
                            [5] => X-PP-SILOVER=name%3DSANDBOX3.WEB.1%26silo_version%3D1880%26app%3Dappdispatcher%26TIME%3D750517083%26HTTP_X_PP_AZ_LOCATOR%3Dsandbox.slc; Expires=Mon, 26 Nov 2018 09:51:48 GMT; domain=.paypal.com; path=/; Secure; HttpOnly
                            [6] => X-PP-SILOVER=; Expires=Thu, 01 Jan 1970 00:00:01 GMT
                        )

                    [vary] => Accept-Encoding,User-Agent
                    [http_x_pp_az_locator] => sandbox.slc
                    [content-encoding] => gzip
                    [paypal-debug-id] => 2b11f55970629
                    [content-type] => text/html; charset=UTF-8
                    [strict-transport-security] => max-age=63072000
                )

        )

    [body] => VERIFIED
    [response] => Array
        (
            [code] => 200
            [message] => OK
        )

    [cookies] => Array
        (
            [0] => WP_Http_Cookie Object
                (
                    [name] => c9MWDuvPtT9GIMyPc3jwol1VSlO
                    [value] => oYlJxosWYPjBhouKAC5laQFymseNC2B-rv58reesC7m8TEdKzyEQL3hKNpDrxQUWJDL68SWKT9fDp8ZuRJjEGZtu8u4jzPz3Z8LxXuZziPpDvs-_tRSUzGwSkdpNtOfe23IrU_-OWgxT4OTwt6NAge5smGHxhzAntBcmEvBl1b32b_82z0P7KRsjLDCZdDbPYzXpe9WqLKkZ1K_kd-IB1W6J7LPgBHdF1aiMj1s9EDuYHIP2NU69SSUmhMA6P-gLnrC8B-9cQ9mDtzkqt4CQAw2T73xjLGQGawF0b2_ahVbi7CAhYBTgYiyV4maVIBMDgH8-ofBQz4Ly8WDjSkOidluT-NRT0JhrHdSl4HwzlvGT2om_fYMzEEEZDd3nvp24cgnY4sy0uqRskXWDPS4RuxqiNYBgvshT12ez3CQWKkTA8kov9bTwqtl3Kiq
                    [expires] => 
                    [path] => /
                    [domain] => paypal.com
                )

            [1] => WP_Http_Cookie Object
                (
                    [name] => cookie_check
                    [value] => yes
                    [expires] => 1858584108
                    [path] => /
                    [domain] => paypal.com
                )

            [2] => WP_Http_Cookie Object
                (
                    [name] => navcmd
                    [value] => _notify-validate
                    [expires] => 
                    [path] => /
                    [domain] => paypal.com
                )

            [3] => WP_Http_Cookie Object
                (
                    [name] => navlns
                    [value] => 0.0
                    [expires] => 1606296108
                    [path] => /
                    [domain] => paypal.com
                )

            [4] => WP_Http_Cookie Object
                (
                    [name] => Apache
                    [value] => 10.72.108.11.1543224108473431
                    [expires] => 2489304108
                    [path] => /
                    [domain] => www.sandbox.paypal.com
                )

            [5] => WP_Http_Cookie Object
                (
                    [name] => X-PP-SILOVER
                    [value] => 
                    [expires] => 1
                    [path] => /cgi-bin
                    [domain] => www.sandbox.paypal.com
                )

        )

    [filename] => 
    [http_response] => WP_HTTP_Requests_Response Object
        (
            [response:protected] => Requests_Response Object
                (
                    [body] => VERIFIED
                    [raw] => HTTP/1.1 200 OK
Date: Mon, 26 Nov 2018 09:21:48 GMT
Server: Apache
X-Frame-Options: SAMEORIGIN
Set-Cookie: c9MWDuvPtT9GIMyPc3jwol1VSlO=oYlJxosWYPjBhouKAC5laQFymseNC2B-rv58reesC7m8TEdKzyEQL3hKNpDrxQUWJDL68SWKT9fDp8ZuRJjEGZtu8u4jzPz3Z8LxXuZziPpDvs-_tRSUzGwSkdpNtOfe23IrU_-OWgxT4OTwt6NAge5smGHxhzAntBcmEvBl1b32b_82z0P7KRsjLDCZdDbPYzXpe9WqLKkZ1K_kd-IB1W6J7LPgBHdF1aiMj1s9EDuYHIP2NU69SSUmhMA6P-gLnrC8B-9cQ9mDtzkqt4CQAw2T73xjLGQGawF0b2_ahVbi7CAhYBTgYiyV4maVIBMDgH8-ofBQz4Ly8WDjSkOidluT-NRT0JhrHdSl4HwzlvGT2om_fYMzEEEZDd3nvp24cgnY4sy0uqRskXWDPS4RuxqiNYBgvshT12ez3CQWKkTA8kov9bTwqtl3Kiq; domain=.paypal.com; path=/; Secure; HttpOnly
Set-Cookie: cookie_check=yes; expires=Thu, 23-Nov-2028 09:21:48 GMT; domain=.paypal.com; path=/; Secure; HttpOnly
Set-Cookie: navcmd=_notify-validate; domain=.paypal.com; path=/; Secure; HttpOnly
Set-Cookie: navlns=0.0; expires=Wed, 25-Nov-2020 09:21:48 GMT; domain=.paypal.com; path=/; Secure; HttpOnly
Set-Cookie: Apache=10.72.108.11.1543224108473431; path=/; expires=Wed, 18-Nov-48 09:21:48 GMT
Vary: Accept-Encoding,User-Agent
Connection: close
HTTP_X_PP_AZ_LOCATOR: sandbox.slc
Content-Encoding: gzip
Paypal-Debug-Id: 2b11f55970629
Set-Cookie: X-PP-SILOVER=name%3DSANDBOX3.WEB.1%26silo_version%3D1880%26app%3Dappdispatcher%26TIME%3D750517083%26HTTP_X_PP_AZ_LOCATOR%3Dsandbox.slc; Expires=Mon, 26 Nov 2018 09:51:48 GMT; domain=.paypal.com; path=/; Secure; HttpOnly
Set-Cookie: X-PP-SILOVER=; Expires=Thu, 01 Jan 1970 00:00:01 GMT
Content-Type: text/html; charset=UTF-8
Strict-Transport-Security: max-age=63072000

VERIFIED
                    [headers] => Requests_Response_Headers Object
                        (
                            [data:protected] => Array
                                (
                                    [date] => Array
                                        (
                                            [0] => Mon, 26 Nov 2018 09:21:48 GMT
                                        )

                                    [server] => Array
                                        (
                                            [0] => Apache
                                        )

                                    [x-frame-options] => Array
                                        (
                                            [0] => SAMEORIGIN
                                        )

                                    [set-cookie] => Array
                                        (
                                            [0] => c9MWDuvPtT9GIMyPc3jwol1VSlO=oYlJxosWYPjBhouKAC5laQFymseNC2B-rv58reesC7m8TEdKzyEQL3hKNpDrxQUWJDL68SWKT9fDp8ZuRJjEGZtu8u4jzPz3Z8LxXuZziPpDvs-_tRSUzGwSkdpNtOfe23IrU_-OWgxT4OTwt6NAge5smGHxhzAntBcmEvBl1b32b_82z0P7KRsjLDCZdDbPYzXpe9WqLKkZ1K_kd-IB1W6J7LPgBHdF1aiMj1s9EDuYHIP2NU69SSUmhMA6P-gLnrC8B-9cQ9mDtzkqt4CQAw2T73xjLGQGawF0b2_ahVbi7CAhYBTgYiyV4maVIBMDgH8-ofBQz4Ly8WDjSkOidluT-NRT0JhrHdSl4HwzlvGT2om_fYMzEEEZDd3nvp24cgnY4sy0uqRskXWDPS4RuxqiNYBgvshT12ez3CQWKkTA8kov9bTwqtl3Kiq; domain=.paypal.com; path=/; Secure; HttpOnly
                                            [1] => cookie_check=yes; expires=Thu, 23-Nov-2028 09:21:48 GMT; domain=.paypal.com; path=/; Secure; HttpOnly
                                            [2] => navcmd=_notify-validate; domain=.paypal.com; path=/; Secure; HttpOnly
                                            [3] => navlns=0.0; expires=Wed, 25-Nov-2020 09:21:48 GMT; domain=.paypal.com; path=/; Secure; HttpOnly
                                            [4] => Apache=10.72.108.11.1543224108473431; path=/; expires=Wed, 18-Nov-48 09:21:48 GMT
                                            [5] => X-PP-SILOVER=name%3DSANDBOX3.WEB.1%26silo_version%3D1880%26app%3Dappdispatcher%26TIME%3D750517083%26HTTP_X_PP_AZ_LOCATOR%3Dsandbox.slc; Expires=Mon, 26 Nov 2018 09:51:48 GMT; domain=.paypal.com; path=/; Secure; HttpOnly
                                            [6] => X-PP-SILOVER=; Expires=Thu, 01 Jan 1970 00:00:01 GMT
                                        )

                                    [vary] => Array
                                        (
                                            [0] => Accept-Encoding,User-Agent
                                        )

                                    [http_x_pp_az_locator] => Array
                                        (
                                            [0] => sandbox.slc
                                        )

                                    [content-encoding] => Array
                                        (
                                            [0] => gzip
                                        )

                                    [paypal-debug-id] => Array
                                        (
                                            [0] => 2b11f55970629
                                        )

                                    [content-type] => Array
                                        (
                                            [0] => text/html; charset=UTF-8
                                        )

                                    [strict-transport-security] => Array
                                        (
                                            [0] => max-age=63072000
                                        )

                                )

                        )

                    [status_code] => 200
                    [protocol_version] => 1.1
                    [success] => 1
                    [redirects] => 0
                    [url] => https://www.sandbox.paypal.com/cgi-bin/webscr
                    [history] => Array
                        (
                        )

                    [cookies] => Requests_Cookie_Jar Object
                        (
                            [cookies:protected] => Array
                                (
                                    [c9MWDuvPtT9GIMyPc3jwol1VSlO] => Requests_Cookie Object
                                        (
                                            [name] => c9MWDuvPtT9GIMyPc3jwol1VSlO
                                            [value] => oYlJxosWYPjBhouKAC5laQFymseNC2B-rv58reesC7m8TEdKzyEQL3hKNpDrxQUWJDL68SWKT9fDp8ZuRJjEGZtu8u4jzPz3Z8LxXuZziPpDvs-_tRSUzGwSkdpNtOfe23IrU_-OWgxT4OTwt6NAge5smGHxhzAntBcmEvBl1b32b_82z0P7KRsjLDCZdDbPYzXpe9WqLKkZ1K_kd-IB1W6J7LPgBHdF1aiMj1s9EDuYHIP2NU69SSUmhMA6P-gLnrC8B-9cQ9mDtzkqt4CQAw2T73xjLGQGawF0b2_ahVbi7CAhYBTgYiyV4maVIBMDgH8-ofBQz4Ly8WDjSkOidluT-NRT0JhrHdSl4HwzlvGT2om_fYMzEEEZDd3nvp24cgnY4sy0uqRskXWDPS4RuxqiNYBgvshT12ez3CQWKkTA8kov9bTwqtl3Kiq
                                            [attributes] => Requests_Utility_CaseInsensitiveDictionary Object
                                                (
                                                    [data:protected] => Array
                                                        (
                                                            [domain] => paypal.com
                                                            [path] => /
                                                            [secure] => 1
                                                            [httponly] => 1
                                                        )

                                                )

                                            [flags] => Array
                                                (
                                                    [creation] => 1543224108
                                                    [last-access] => 1543224108
                                                    [persistent] => 
                                                    [host-only] => 
                                                )

                                            [reference_time] => 1543224108
                                        )

                                    [cookie_check] => Requests_Cookie Object
                                        (
                                            [name] => cookie_check
                                            [value] => yes
                                            [attributes] => Requests_Utility_CaseInsensitiveDictionary Object
                                                (
                                                    [data:protected] => Array
                                                        (
                                                            [expires] => 1858584108
                                                            [domain] => paypal.com
                                                            [path] => /
                                                            [secure] => 1
                                                            [httponly] => 1
                                                        )

                                                )

                                            [flags] => Array
                                                (
                                                    [creation] => 1543224108
                                                    [last-access] => 1543224108
                                                    [persistent] => 
                                                    [host-only] => 
                                                )

                                            [reference_time] => 1543224108
                                        )

                                    [navcmd] => Requests_Cookie Object
                                        (
                                            [name] => navcmd
                                            [value] => _notify-validate
                                            [attributes] => Requests_Utility_CaseInsensitiveDictionary Object
                                                (
                                                    [data:protected] => Array
                                                        (
                                                            [domain] => paypal.com
                                                            [path] => /
                                                            [secure] => 1
                                                            [httponly] => 1
                                                        )

                                                )

                                            [flags] => Array
                                                (
                                                    [creation] => 1543224108
                                                    [last-access] => 1543224108
                                                    [persistent] => 
                                                    [host-only] => 
                                                )

                                            [reference_time] => 1543224108
                                        )

                                    [navlns] => Requests_Cookie Object
                                        (
                                            [name] => navlns
                                            [value] => 0.0
                                            [attributes] => Requests_Utility_CaseInsensitiveDictionary Object
                                                (
                                                    [data:protected] => Array
                                                        (
                                                            [expires] => 1606296108
                                                            [domain] => paypal.com
                                                            [path] => /
                                                            [secure] => 1
                                                            [httponly] => 1
                                                        )

                                                )

                                            [flags] => Array
                                                (
                                                    [creation] => 1543224108
                                                    [last-access] => 1543224108
                                                    [persistent] => 
                                                    [host-only] => 
                                                )

                                            [reference_time] => 1543224108
                                        )

                                    [Apache] => Requests_Cookie Object
                                        (
                                            [name] => Apache
                                            [value] => 10.72.108.11.1543224108473431
                                            [attributes] => Requests_Utility_CaseInsensitiveDictionary Object
                                                (
                                                    [data:protected] => Array
                                                        (
                                                            [path] => /
                                                            [expires] => 2489304108
                                                            [domain] => www.sandbox.paypal.com
                                                        )

                                                )

                                            [flags] => Array
                                                (
                                                    [creation] => 1543224108
                                                    [last-access] => 1543224108
                                                    [persistent] => 
                                                    [host-only] => 1
                                                )

                                            [reference_time] => 1543224108
                                        )

                                    [X-PP-SILOVER] => Requests_Cookie Object
                                        (
                                            [name] => X-PP-SILOVER
                                            [value] => 
                                            [attributes] => Requests_Utility_CaseInsensitiveDictionary Object
                                                (
                                                    [data:protected] => Array
                                                        (
                                                            [expires] => 1
                                                            [domain] => www.sandbox.paypal.com
                                                            [path] => /cgi-bin
                                                        )

                                                )

                                            [flags] => Array
                                                (
                                                    [creation] => 1543224108
                                                    [last-access] => 1543224108
                                                    [persistent] => 
                                                    [host-only] => 1
                                                )

                                            [reference_time] => 1543224108
                                        )

                                )

                        )

                )

            [filename:protected] => 
            [data] => 
            [headers] => 
            [status] => 
        )

)

2018-11-26T09:21:48+00:00 INFO Received valid response from PayPal IPN
2018-11-26T09:21:48+00:00 INFO Found order #6124
2018-11-26T09:21:48+00:00 INFO Payment status: completed
