2018-12-04T14:08:26+00:00 INFO Generating payment form for order 6172. Notify URL: http://52.52.33.58/wc-api/WC_Gateway_Paypal/
2018-12-04T14:08:26+00:00 INFO PayPal Request Args for order 6172: Array
(
    [cmd] => _cart
    [business] => rrsawant-facilitator@gmail.com
    [no_note] => 1
    [currency_code] => USD
    [charset] => utf-8
    [rm] => 1
    [upload] => 1
    [return] => http://52.52.33.58/checkout/order-received/6172/?key=wc_order_5c068a5a36099&utm_nooverride=1
    [cancel_return] => http://52.52.33.58/cart/?cancel_order=true&order=wc_order_5c068a5a36099&order_id=6172&redirect&_wpnonce=2a87f4f42b
    [page_style] => 
    [image_url] => 
    [paymentaction] => sale
    [bn] => AngellEYE_SP_WooCommerce
    [invoice] => WC-6172
    [custom] => {"order_id":6172,"order_key":"wc_order_5c068a5a36099"}
    [notify_url] => http://52.52.33.58/?AngellEYE_Paypal_Ipn_For_Wordpress&action=ipn_handler&keys=paypal_standard
    [first_name] => ***
    [last_name] => ***
    [address1] => ***
    [address2] => ***
    [city] => ***
    [state] => ***
    [zip] => ***
    [country] => ***
    [email] => ***@***
    [night_phone_b] => ***
    [address_override] => 0
    [no_shipping] => 0
    [tax_cart] => 0.00
    [item_name_1] => ACT - 4 Point Guarantee (Group Enrollment: no)
    [quantity_1] => 1
    [amount_1] => 1500
    [item_number_1] => 
)

