2018-11-30T04:37:42+00:00 INFO Generating payment form for order 6144. Notify URL: http://52.52.33.58/wc-api/WC_Gateway_Paypal/
2018-11-30T04:37:42+00:00 INFO PayPal Request Args for order 6144: Array
(
    [cmd] => _cart
    [business] => rrsawant-facilitator@gmail.com
    [no_note] => 1
    [currency_code] => USD
    [charset] => utf-8
    [rm] => 1
    [upload] => 1
    [return] => http://52.52.33.58/checkout/order-received/6144/?key=wc_order_5c00be952b92b&utm_nooverride=1
    [cancel_return] => http://52.52.33.58/cart/?cancel_order=true&order=wc_order_5c00be952b92b&order_id=6144&redirect&_wpnonce=5c499f82ec
    [page_style] => 
    [image_url] => 
    [paymentaction] => sale
    [bn] => WooThemes_Cart
    [invoice] => WC-6144
    [custom] => {"order_id":6144,"order_key":"wc_order_5c00be952b92b"}
    [notify_url] => http://52.52.33.58/wc-api/WC_Gateway_Paypal/
    [first_name] => ***
    [last_name] => ***
    [address1] => ***
    [address2] => ***
    [city] => ***
    [state] => ***
    [zip] => ***
    [country] => ***
    [email] => ***@***
    [night_phone_a] => ***
    [night_phone_b] => ***
    [night_phone_c] => ***
    [address_override] => 0
    [no_shipping] => 0
    [tax_cart] => 0.00
    [item_name_1] => ACT - 4 Point Guarantee (Group Enrollment: no)
    [quantity_1] => 1
    [amount_1] => 1500
    [item_number_1] => 
)

2018-11-30T11:57:25+00:00 INFO Generating payment form for order 6150. Notify URL: http://52.52.33.58/wc-api/WC_Gateway_Paypal/
2018-11-30T11:57:25+00:00 INFO PayPal Request Args for order 6150: Array
(
    [cmd] => _cart
    [business] => rrsawant-facilitator@gmail.com
    [no_note] => 1
    [currency_code] => USD
    [charset] => utf-8
    [rm] => 1
    [upload] => 1
    [return] => http://52.52.33.58/checkout/order-received/6150/?key=wc_order_5c0125a528f29&utm_nooverride=1
    [cancel_return] => http://52.52.33.58/cart/?cancel_order=true&order=wc_order_5c0125a528f29&order_id=6150&redirect&_wpnonce=a35dbf563d
    [page_style] => 
    [image_url] => 
    [paymentaction] => sale
    [bn] => WooThemes_Cart
    [invoice] => WC-6150
    [custom] => {"order_id":6150,"order_key":"wc_order_5c0125a528f29"}
    [notify_url] => http://52.52.33.58/wc-api/WC_Gateway_Paypal/
    [first_name] => ***
    [last_name] => ***
    [address1] => ***
    [address2] => ***
    [city] => ***
    [state] => ***
    [zip] => ***
    [country] => ***
    [email] => ***@***
    [night_phone_a] => ***
    [night_phone_b] => ***
    [night_phone_c] => ***
    [address_override] => 0
    [no_shipping] => 0
    [tax_cart] => 0.00
    [item_name_1] => ACT - 4 Point Guarantee (Group Enrollment: no)
    [quantity_1] => 1
    [amount_1] => 1500
    [item_number_1] => 
)

2018-11-30T12:05:47+00:00 INFO Generating payment form for order 6151. Notify URL: http://52.52.33.58/wc-api/WC_Gateway_Paypal/
2018-11-30T12:05:47+00:00 INFO PayPal Request Args for order 6151: Array
(
    [cmd] => _cart
    [business] => rrsawant-facilitator@gmail.com
    [no_note] => 1
    [currency_code] => USD
    [charset] => utf-8
    [rm] => 1
    [upload] => 1
    [return] => http://52.52.33.58/checkout/order-received/6151/?key=wc_order_5c01279b565c6&utm_nooverride=1
    [cancel_return] => http://52.52.33.58/cart/?cancel_order=true&order=wc_order_5c01279b565c6&order_id=6151&redirect&_wpnonce=7dba290c68
    [page_style] => 
    [image_url] => 
    [paymentaction] => sale
    [bn] => WooThemes_Cart
    [invoice] => WC-6151
    [custom] => {"order_id":6151,"order_key":"wc_order_5c01279b565c6"}
    [notify_url] => http://52.52.33.58/wc-api/WC_Gateway_Paypal/
    [first_name] => ***
    [last_name] => ***
    [address1] => ***
    [address2] => ***
    [city] => ***
    [state] => ***
    [zip] => ***
    [country] => ***
    [email] => ***@***
    [night_phone_a] => ***
    [night_phone_b] => ***
    [night_phone_c] => ***
    [address_override] => 0
    [no_shipping] => 0
    [tax_cart] => 0.00
    [item_name_1] => ACT - 4 Point Guarantee (Group Enrollment: no)
    [quantity_1] => 1
    [amount_1] => 1500
    [item_number_1] => 
)

2018-11-30T12:17:45+00:00 INFO Generating payment form for order 6152. Notify URL: http://52.52.33.58/wc-api/WC_Gateway_Paypal/
2018-11-30T12:17:45+00:00 INFO PayPal Request Args for order 6152: Array
(
    [cmd] => _cart
    [business] => rrsawant-facilitator@gmail.com
    [no_note] => 1
    [currency_code] => USD
    [charset] => utf-8
    [rm] => 1
    [upload] => 1
    [return] => http://52.52.33.58/checkout/order-received/6152/?key=wc_order_5c012a6947287&utm_nooverride=1
    [cancel_return] => http://52.52.33.58/cart/?cancel_order=true&order=wc_order_5c012a6947287&order_id=6152&redirect&_wpnonce=42334c8b5e
    [page_style] => 
    [image_url] => 
    [paymentaction] => sale
    [bn] => WooThemes_Cart
    [invoice] => WC-6152
    [custom] => {"order_id":6152,"order_key":"wc_order_5c012a6947287"}
    [notify_url] => http://52.52.33.58/wc-api/WC_Gateway_Paypal/
    [first_name] => ***
    [last_name] => ***
    [address1] => ***
    [address2] => ***
    [city] => ***
    [state] => ***
    [zip] => ***
    [country] => ***
    [email] => ***@***
    [night_phone_a] => ***
    [night_phone_b] => ***
    [night_phone_c] => ***
    [address_override] => 0
    [no_shipping] => 0
    [tax_cart] => 0.00
    [item_name_1] => ACT - 4 Point Guarantee (Group Enrollment: no)
    [quantity_1] => 1
    [amount_1] => 1500
    [item_number_1] => 
)

2018-11-30T12:27:56+00:00 INFO Generating payment form for order 6153. Notify URL: http://52.52.33.58/wc-api/WC_Gateway_Paypal/
2018-11-30T12:27:56+00:00 INFO PayPal Request Args for order 6153: Array
(
    [cmd] => _cart
    [business] => rrsawant-facilitator@gmail.com
    [no_note] => 1
    [currency_code] => USD
    [charset] => utf-8
    [rm] => 1
    [upload] => 1
    [return] => http://52.52.33.58/checkout/order-received/6153/?key=wc_order_5c012ccbed539&utm_nooverride=1
    [cancel_return] => http://52.52.33.58/cart/?cancel_order=true&order=wc_order_5c012ccbed539&order_id=6153&redirect&_wpnonce=76f93a633c
    [page_style] => 
    [image_url] => 
    [paymentaction] => sale
    [bn] => AngellEYE_SP_WooCommerce
    [invoice] => WC-6153
    [custom] => {"order_id":6153,"order_key":"wc_order_5c012ccbed539"}
    [notify_url] => http://52.52.33.58/?AngellEYE_Paypal_Ipn_For_Wordpress&action=ipn_handler&keys=paypal_standard
    [first_name] => ***
    [last_name] => ***
    [address1] => ***
    [address2] => ***
    [city] => ***
    [state] => ***
    [zip] => ***
    [country] => ***
    [email] => ***@***
    [night_phone_a] => ***
    [night_phone_b] => ***
    [night_phone_c] => ***
    [address_override] => 0
    [no_shipping] => 0
    [tax_cart] => 0.00
    [item_name_1] => ACT - 4 Point Guarantee (Group Enrollment: no)
    [quantity_1] => 1
    [amount_1] => 1500
    [item_number_1] => 
)

