2018-11-29T10:44:27+00:00 INFO Generating payment form for order 6131. Notify URL: http://52.52.33.58/wc-api/WC_Gateway_Paypal/
2018-11-29T10:44:27+00:00 INFO PayPal Request Args for order 6131: Array
(
    [cmd] => _cart
    [business] => rrsawant-facilitator@gmail.com
    [no_note] => 1
    [currency_code] => USD
    [charset] => utf-8
    [rm] => 1
    [upload] => 1
    [return] => http://52.52.33.58/checkout/order-received/6131/?key=wc_order_5bffc30a2a5ec&utm_nooverride=1
    [cancel_return] => http://52.52.33.58/cart/?cancel_order=true&order=wc_order_5bffc30a2a5ec&order_id=6131&redirect&_wpnonce=5014af4b9c
    [page_style] => 
    [image_url] => 
    [paymentaction] => sale
    [bn] => WooThemes_Cart
    [invoice] => WC-6131
    [custom] => {"order_id":6131,"order_key":"wc_order_5bffc30a2a5ec"}
    [notify_url] => http://52.52.33.58/wc-api/WC_Gateway_Paypal/
    [first_name] => ***
    [last_name] => ***
    [address1] => ***
    [address2] => ***
    [city] => ***
    [state] => ***
    [zip] => ***
    [country] => ***
    [email] => ***@***
    [night_phone_b] => ***
    [address_override] => 0
    [no_shipping] => 0
    [tax_cart] => 0.00
    [item_name_1] => ACT (Group Enrollment: no)
    [quantity_1] => 1
    [amount_1] => 50
    [item_number_1] => 
)

2018-11-29T10:45:04+00:00 INFO Checking IPN response is valid
2018-11-29T10:45:05+00:00 INFO IPN Response: Array
(
    [headers] => Requests_Utility_CaseInsensitiveDictionary Object
        (
            [data:protected] => Array
                (
                    [date] => Thu, 29 Nov 2018 10:45:04 GMT
                    [server] => Apache
                    [x-frame-options] => SAMEORIGIN
                    [set-cookie] => Array
                        (
                            [0] => c9MWDuvPtT9GIMyPc3jwol1VSlO=M9Kq504DjVoxNSj1YP_LgLCXoyB3zJCnUegB-y7c2A4KL2lvyt3d2l2ZqyolATQilAElWUyWLb7d3G6AgPgTXiQNJK_06_DoKhyy0IxJtoc0CcGw0J3aICppgul1rNmK5hXTOkwrAgkdogoQV0ROcHFkNqV42KQFVeNpNb0-_J1KI60bS3kGkR9PIXhMrk7RTg1QdbP11cDGuAR-dxINJTU-67BSdY_-VHOi2zH46j-4D-dg6CZ0iIKsSBWEtNOWm63CmzsaAULeas4xH53BWxNm43E3ag6QMWuaGZ6I_zErQSb0eRN-Lb7SasCCG4nNC4h15oqM60lfC7LcynIApjtFrEkSXU9n1CrcgG6CJhR7yTJIT2OfLOTpBlvUJrhdbo216vfBq1vwKfkJ0TYEEZ2ATjpQe03JNMYJKdc11GKd47p1vwgQU6ZL3s0; domain=.paypal.com; path=/; Secure; HttpOnly
                            [1] => cookie_check=yes; expires=Sun, 26-Nov-2028 10:45:05 GMT; domain=.paypal.com; path=/; Secure; HttpOnly
                            [2] => navcmd=_notify-validate; domain=.paypal.com; path=/; Secure; HttpOnly
                            [3] => navlns=0.0; expires=Sat, 28-Nov-2020 10:45:05 GMT; domain=.paypal.com; path=/; Secure; HttpOnly
                            [4] => Apache=10.72.108.11.1543488304712373; path=/; expires=Sat, 21-Nov-48 10:45:04 GMT
                            [5] => X-PP-SILOVER=name%3DSANDBOX3.WEB.1%26silo_version%3D1880%26app%3Dappdispatcher%26TIME%3D818151259%26HTTP_X_PP_AZ_LOCATOR%3Dsandbox.slc; Expires=Thu, 29 Nov 2018 11:15:05 GMT; domain=.paypal.com; path=/; Secure; HttpOnly
                            [6] => X-PP-SILOVER=; Expires=Thu, 01 Jan 1970 00:00:01 GMT
                        )

                    [vary] => Accept-Encoding,User-Agent
                    [http_x_pp_az_locator] => sandbox.slc
                    [content-encoding] => gzip
                    [paypal-debug-id] => cd594adbaa95a
                    [content-type] => text/html; charset=UTF-8
                    [strict-transport-security] => max-age=63072000
                )

        )

    [body] => VERIFIED
    [response] => Array
        (
            [code] => 200
            [message] => OK
        )

    [cookies] => Array
        (
            [0] => WP_Http_Cookie Object
                (
                    [name] => c9MWDuvPtT9GIMyPc3jwol1VSlO
                    [value] => M9Kq504DjVoxNSj1YP_LgLCXoyB3zJCnUegB-y7c2A4KL2lvyt3d2l2ZqyolATQilAElWUyWLb7d3G6AgPgTXiQNJK_06_DoKhyy0IxJtoc0CcGw0J3aICppgul1rNmK5hXTOkwrAgkdogoQV0ROcHFkNqV42KQFVeNpNb0-_J1KI60bS3kGkR9PIXhMrk7RTg1QdbP11cDGuAR-dxINJTU-67BSdY_-VHOi2zH46j-4D-dg6CZ0iIKsSBWEtNOWm63CmzsaAULeas4xH53BWxNm43E3ag6QMWuaGZ6I_zErQSb0eRN-Lb7SasCCG4nNC4h15oqM60lfC7LcynIApjtFrEkSXU9n1CrcgG6CJhR7yTJIT2OfLOTpBlvUJrhdbo216vfBq1vwKfkJ0TYEEZ2ATjpQe03JNMYJKdc11GKd47p1vwgQU6ZL3s0
                    [expires] => 
                    [path] => /
                    [domain] => paypal.com
                )

            [1] => WP_Http_Cookie Object
                (
                    [name] => cookie_check
                    [value] => yes
                    [expires] => 1858848305
                    [path] => /
                    [domain] => paypal.com
                )

            [2] => WP_Http_Cookie Object
                (
                    [name] => navcmd
                    [value] => _notify-validate
                    [expires] => 
                    [path] => /
                    [domain] => paypal.com
                )

            [3] => WP_Http_Cookie Object
                (
                    [name] => navlns
                    [value] => 0.0
                    [expires] => 1606560305
                    [path] => /
                    [domain] => paypal.com
                )

            [4] => WP_Http_Cookie Object
                (
                    [name] => Apache
                    [value] => 10.72.108.11.1543488304712373
                    [expires] => 2489568304
                    [path] => /
                    [domain] => www.sandbox.paypal.com
                )

            [5] => WP_Http_Cookie Object
                (
                    [name] => X-PP-SILOVER
                    [value] => 
                    [expires] => 1
                    [path] => /cgi-bin
                    [domain] => www.sandbox.paypal.com
                )

        )

    [filename] => 
    [http_response] => WP_HTTP_Requests_Response Object
        (
            [response:protected] => Requests_Response Object
                (
                    [body] => VERIFIED
                    [raw] => HTTP/1.1 200 OK
Date: Thu, 29 Nov 2018 10:45:04 GMT
Server: Apache
X-Frame-Options: SAMEORIGIN
Set-Cookie: c9MWDuvPtT9GIMyPc3jwol1VSlO=M9Kq504DjVoxNSj1YP_LgLCXoyB3zJCnUegB-y7c2A4KL2lvyt3d2l2ZqyolATQilAElWUyWLb7d3G6AgPgTXiQNJK_06_DoKhyy0IxJtoc0CcGw0J3aICppgul1rNmK5hXTOkwrAgkdogoQV0ROcHFkNqV42KQFVeNpNb0-_J1KI60bS3kGkR9PIXhMrk7RTg1QdbP11cDGuAR-dxINJTU-67BSdY_-VHOi2zH46j-4D-dg6CZ0iIKsSBWEtNOWm63CmzsaAULeas4xH53BWxNm43E3ag6QMWuaGZ6I_zErQSb0eRN-Lb7SasCCG4nNC4h15oqM60lfC7LcynIApjtFrEkSXU9n1CrcgG6CJhR7yTJIT2OfLOTpBlvUJrhdbo216vfBq1vwKfkJ0TYEEZ2ATjpQe03JNMYJKdc11GKd47p1vwgQU6ZL3s0; domain=.paypal.com; path=/; Secure; HttpOnly
Set-Cookie: cookie_check=yes; expires=Sun, 26-Nov-2028 10:45:05 GMT; domain=.paypal.com; path=/; Secure; HttpOnly
Set-Cookie: navcmd=_notify-validate; domain=.paypal.com; path=/; Secure; HttpOnly
Set-Cookie: navlns=0.0; expires=Sat, 28-Nov-2020 10:45:05 GMT; domain=.paypal.com; path=/; Secure; HttpOnly
Set-Cookie: Apache=10.72.108.11.1543488304712373; path=/; expires=Sat, 21-Nov-48 10:45:04 GMT
Vary: Accept-Encoding,User-Agent
Connection: close
HTTP_X_PP_AZ_LOCATOR: sandbox.slc
Content-Encoding: gzip
Paypal-Debug-Id: cd594adbaa95a
Set-Cookie: X-PP-SILOVER=name%3DSANDBOX3.WEB.1%26silo_version%3D1880%26app%3Dappdispatcher%26TIME%3D818151259%26HTTP_X_PP_AZ_LOCATOR%3Dsandbox.slc; Expires=Thu, 29 Nov 2018 11:15:05 GMT; domain=.paypal.com; path=/; Secure; HttpOnly
Set-Cookie: X-PP-SILOVER=; Expires=Thu, 01 Jan 1970 00:00:01 GMT
Content-Type: text/html; charset=UTF-8
Strict-Transport-Security: max-age=63072000

VERIFIED
                    [headers] => Requests_Response_Headers Object
                        (
                            [data:protected] => Array
                                (
                                    [date] => Array
                                        (
                                            [0] => Thu, 29 Nov 2018 10:45:04 GMT
                                        )

                                    [server] => Array
                                        (
                                            [0] => Apache
                                        )

                                    [x-frame-options] => Array
                                        (
                                            [0] => SAMEORIGIN
                                        )

                                    [set-cookie] => Array
                                        (
                                            [0] => c9MWDuvPtT9GIMyPc3jwol1VSlO=M9Kq504DjVoxNSj1YP_LgLCXoyB3zJCnUegB-y7c2A4KL2lvyt3d2l2ZqyolATQilAElWUyWLb7d3G6AgPgTXiQNJK_06_DoKhyy0IxJtoc0CcGw0J3aICppgul1rNmK5hXTOkwrAgkdogoQV0ROcHFkNqV42KQFVeNpNb0-_J1KI60bS3kGkR9PIXhMrk7RTg1QdbP11cDGuAR-dxINJTU-67BSdY_-VHOi2zH46j-4D-dg6CZ0iIKsSBWEtNOWm63CmzsaAULeas4xH53BWxNm43E3ag6QMWuaGZ6I_zErQSb0eRN-Lb7SasCCG4nNC4h15oqM60lfC7LcynIApjtFrEkSXU9n1CrcgG6CJhR7yTJIT2OfLOTpBlvUJrhdbo216vfBq1vwKfkJ0TYEEZ2ATjpQe03JNMYJKdc11GKd47p1vwgQU6ZL3s0; domain=.paypal.com; path=/; Secure; HttpOnly
                                            [1] => cookie_check=yes; expires=Sun, 26-Nov-2028 10:45:05 GMT; domain=.paypal.com; path=/; Secure; HttpOnly
                                            [2] => navcmd=_notify-validate; domain=.paypal.com; path=/; Secure; HttpOnly
                                            [3] => navlns=0.0; expires=Sat, 28-Nov-2020 10:45:05 GMT; domain=.paypal.com; path=/; Secure; HttpOnly
                                            [4] => Apache=10.72.108.11.1543488304712373; path=/; expires=Sat, 21-Nov-48 10:45:04 GMT
                                            [5] => X-PP-SILOVER=name%3DSANDBOX3.WEB.1%26silo_version%3D1880%26app%3Dappdispatcher%26TIME%3D818151259%26HTTP_X_PP_AZ_LOCATOR%3Dsandbox.slc; Expires=Thu, 29 Nov 2018 11:15:05 GMT; domain=.paypal.com; path=/; Secure; HttpOnly
                                            [6] => X-PP-SILOVER=; Expires=Thu, 01 Jan 1970 00:00:01 GMT
                                        )

                                    [vary] => Array
                                        (
                                            [0] => Accept-Encoding,User-Agent
                                        )

                                    [http_x_pp_az_locator] => Array
                                        (
                                            [0] => sandbox.slc
                                        )

                                    [content-encoding] => Array
                                        (
                                            [0] => gzip
                                        )

                                    [paypal-debug-id] => Array
                                        (
                                            [0] => cd594adbaa95a
                                        )

                                    [content-type] => Array
                                        (
                                            [0] => text/html; charset=UTF-8
                                        )

                                    [strict-transport-security] => Array
                                        (
                                            [0] => max-age=63072000
                                        )

                                )

                        )

                    [status_code] => 200
                    [protocol_version] => 1.1
                    [success] => 1
                    [redirects] => 0
                    [url] => https://www.sandbox.paypal.com/cgi-bin/webscr
                    [history] => Array
                        (
                        )

                    [cookies] => Requests_Cookie_Jar Object
                        (
                            [cookies:protected] => Array
                                (
                                    [c9MWDuvPtT9GIMyPc3jwol1VSlO] => Requests_Cookie Object
                                        (
                                            [name] => c9MWDuvPtT9GIMyPc3jwol1VSlO
                                            [value] => M9Kq504DjVoxNSj1YP_LgLCXoyB3zJCnUegB-y7c2A4KL2lvyt3d2l2ZqyolATQilAElWUyWLb7d3G6AgPgTXiQNJK_06_DoKhyy0IxJtoc0CcGw0J3aICppgul1rNmK5hXTOkwrAgkdogoQV0ROcHFkNqV42KQFVeNpNb0-_J1KI60bS3kGkR9PIXhMrk7RTg1QdbP11cDGuAR-dxINJTU-67BSdY_-VHOi2zH46j-4D-dg6CZ0iIKsSBWEtNOWm63CmzsaAULeas4xH53BWxNm43E3ag6QMWuaGZ6I_zErQSb0eRN-Lb7SasCCG4nNC4h15oqM60lfC7LcynIApjtFrEkSXU9n1CrcgG6CJhR7yTJIT2OfLOTpBlvUJrhdbo216vfBq1vwKfkJ0TYEEZ2ATjpQe03JNMYJKdc11GKd47p1vwgQU6ZL3s0
                                            [attributes] => Requests_Utility_CaseInsensitiveDictionary Object
                                                (
                                                    [data:protected] => Array
                                                        (
                                                            [domain] => paypal.com
                                                            [path] => /
                                                            [secure] => 1
                                                            [httponly] => 1
                                                        )

                                                )

                                            [flags] => Array
                                                (
                                                    [creation] => 1543488305
                                                    [last-access] => 1543488305
                                                    [persistent] => 
                                                    [host-only] => 
                                                )

                                            [reference_time] => 1543488305
                                        )

                                    [cookie_check] => Requests_Cookie Object
                                        (
                                            [name] => cookie_check
                                            [value] => yes
                                            [attributes] => Requests_Utility_CaseInsensitiveDictionary Object
                                                (
                                                    [data:protected] => Array
                                                        (
                                                            [expires] => 1858848305
                                                            [domain] => paypal.com
                                                            [path] => /
                                                            [secure] => 1
                                                            [httponly] => 1
                                                        )

                                                )

                                            [flags] => Array
                                                (
                                                    [creation] => 1543488305
                                                    [last-access] => 1543488305
                                                    [persistent] => 
                                                    [host-only] => 
                                                )

                                            [reference_time] => 1543488305
                                        )

                                    [navcmd] => Requests_Cookie Object
                                        (
                                            [name] => navcmd
                                            [value] => _notify-validate
                                            [attributes] => Requests_Utility_CaseInsensitiveDictionary Object
                                                (
                                                    [data:protected] => Array
                                                        (
                                                            [domain] => paypal.com
                                                            [path] => /
                                                            [secure] => 1
                                                            [httponly] => 1
                                                        )

                                                )

                                            [flags] => Array
                                                (
                                                    [creation] => 1543488305
                                                    [last-access] => 1543488305
                                                    [persistent] => 
                                                    [host-only] => 
                                                )

                                            [reference_time] => 1543488305
                                        )

                                    [navlns] => Requests_Cookie Object
                                        (
                                            [name] => navlns
                                            [value] => 0.0
                                            [attributes] => Requests_Utility_CaseInsensitiveDictionary Object
                                                (
                                                    [data:protected] => Array
                                                        (
                                                            [expires] => 1606560305
                                                            [domain] => paypal.com
                                                            [path] => /
                                                            [secure] => 1
                                                            [httponly] => 1
                                                        )

                                                )

                                            [flags] => Array
                                                (
                                                    [creation] => 1543488305
                                                    [last-access] => 1543488305
                                                    [persistent] => 
                                                    [host-only] => 
                                                )

                                            [reference_time] => 1543488305
                                        )

                                    [Apache] => Requests_Cookie Object
                                        (
                                            [name] => Apache
                                            [value] => 10.72.108.11.1543488304712373
                                            [attributes] => Requests_Utility_CaseInsensitiveDictionary Object
                                                (
                                                    [data:protected] => Array
                                                        (
                                                            [path] => /
                                                            [expires] => 2489568304
                                                            [domain] => www.sandbox.paypal.com
                                                        )

                                                )

                                            [flags] => Array
                                                (
                                                    [creation] => 1543488305
                                                    [last-access] => 1543488305
                                                    [persistent] => 
                                                    [host-only] => 1
                                                )

                                            [reference_time] => 1543488305
                                        )

                                    [X-PP-SILOVER] => Requests_Cookie Object
                                        (
                                            [name] => X-PP-SILOVER
                                            [value] => 
                                            [attributes] => Requests_Utility_CaseInsensitiveDictionary Object
                                                (
                                                    [data:protected] => Array
                                                        (
                                                            [expires] => 1
                                                            [domain] => www.sandbox.paypal.com
                                                            [path] => /cgi-bin
                                                        )

                                                )

                                            [flags] => Array
                                                (
                                                    [creation] => 1543488305
                                                    [last-access] => 1543488305
                                                    [persistent] => 
                                                    [host-only] => 1
                                                )

                                            [reference_time] => 1543488305
                                        )

                                )

                        )

                )

            [filename:protected] => 
            [data] => 
            [headers] => 
            [status] => 
        )

)

2018-11-29T10:45:05+00:00 INFO Received valid response from PayPal IPN
2018-11-29T10:45:05+00:00 INFO Found order #6131
2018-11-29T10:45:05+00:00 INFO Payment status: completed
2018-11-29T15:11:09+00:00 INFO Generating payment form for order 6141. Notify URL: http://52.52.33.58/wc-api/WC_Gateway_Paypal/
2018-11-29T15:11:09+00:00 INFO PayPal Request Args for order 6141: Array
(
    [cmd] => _cart
    [business] => rrsawant-facilitator@gmail.com
    [no_note] => 1
    [currency_code] => USD
    [charset] => utf-8
    [rm] => 1
    [upload] => 1
    [return] => http://52.52.33.58/checkout/order-received/6141/?key=wc_order_5c00018cc096c&utm_nooverride=1
    [cancel_return] => http://52.52.33.58/cart/?cancel_order=true&order=wc_order_5c00018cc096c&order_id=6141&redirect&_wpnonce=080233a62f
    [page_style] => 
    [image_url] => 
    [paymentaction] => sale
    [bn] => WooThemes_Cart
    [invoice] => WC-6141
    [custom] => {"order_id":6141,"order_key":"wc_order_5c00018cc096c"}
    [notify_url] => http://52.52.33.58/wc-api/WC_Gateway_Paypal/
    [first_name] => ***
    [last_name] => ***
    [address1] => ***
    [address2] => ***
    [city] => ***
    [state] => ***
    [zip] => ***
    [country] => ***
    [email] => ***@***
    [night_phone_a] => ***
    [night_phone_b] => ***
    [night_phone_c] => ***
    [address_override] => 0
    [no_shipping] => 0
    [tax_cart] => 0.00
    [item_name_1] => ACT - 4 Point Guarantee (Group Enrollment: no)
    [quantity_1] => 1
    [amount_1] => 1500
    [item_number_1] => 
)

