11-06-2018 @ 09:52:43 - Initiating Product sync process....
11-06-2018 @ 09:52:43 - Categories synchronized
11-06-2018 @ 09:52:43 - Update all associated Products ...
11-06-2018 @ 09:52:43 - Categories assigned 20
11-06-2018 @ 09:52:43 - Categories assigned 20
11-06-2018 @ 09:52:43 - Categories assigned 20
11-06-2018 @ 09:52:43 - Categories assigned 20
11-06-2018 @ 09:52:43 - Categories assigned 20
11-06-2018 @ 09:52:43 - Categories assigned 20
11-06-2018 @ 09:52:43 - Categories assigned 21
11-06-2018 @ 09:52:43 - Categories assigned 21
11-06-2018 @ 09:52:43 - Creating Product for course id: 5842
11-06-2018 @ 09:52:43 - Product created, ID is: 5866
11-06-2018 @ 09:52:43 - Categories assigned 20
11-06-2018 @ 09:52:43 - Creating Product for course id: 5843
11-06-2018 @ 09:52:43 - Product created, ID is: 5867
11-06-2018 @ 09:52:43 - Categories assigned 59
11-06-2018 @ 09:52:43 - Creating Product for course id: 5844
11-06-2018 @ 09:52:43 - Product created, ID is: 5868
11-06-2018 @ 09:52:43 - Categories assigned 21
11-06-2018 @ 09:52:43 - Creating Product for course id: 5845
11-06-2018 @ 09:52:43 - Product created, ID is: 5869
11-06-2018 @ 09:52:43 - Categories assigned 20
11-06-2018 @ 09:52:43 - Creating Product for course id: 5846
11-06-2018 @ 09:52:43 - Product created, ID is: 5870
11-06-2018 @ 09:52:43 - Categories assigned 20
11-06-2018 @ 09:52:43 - Creating Product for course id: 5847
11-06-2018 @ 09:52:43 - Product created, ID is: 5871
11-06-2018 @ 09:52:43 - Categories assigned 20
11-06-2018 @ 09:52:43 - Creating Product for course id: 5848
11-06-2018 @ 09:52:43 - Product created, ID is: 5872
11-06-2018 @ 09:52:43 - Categories assigned 60
11-06-2018 @ 09:52:43 - Creating Product for course id: 5849
11-06-2018 @ 09:52:43 - Product created, ID is: 5873
11-06-2018 @ 09:52:43 - Categories assigned 60
11-06-2018 @ 09:52:43 - Creating Product for course id: 5850
11-06-2018 @ 09:52:43 - Product created, ID is: 5874
11-06-2018 @ 09:52:43 - Categories assigned 60
11-06-2018 @ 09:52:43 - Creating Product for course id: 5851
11-06-2018 @ 09:52:43 - Product created, ID is: 5875
11-06-2018 @ 09:52:43 - Categories assigned 60
11-06-2018 @ 09:52:43 - Creating Product for course id: 5852
11-06-2018 @ 09:52:43 - Product created, ID is: 5876
11-06-2018 @ 09:52:44 - Categories assigned 60
11-06-2018 @ 09:52:44 - Creating Product for course id: 5853
11-06-2018 @ 09:52:44 - Product created, ID is: 5877
11-06-2018 @ 09:52:44 - Categories assigned 20
11-06-2018 @ 09:52:44 - Creating Product for course id: 5854
11-06-2018 @ 09:52:44 - Product created, ID is: 5878
11-06-2018 @ 09:52:44 - Categories assigned 20
11-06-2018 @ 09:52:44 - Creating Product for course id: 5855
11-06-2018 @ 09:52:44 - Product created, ID is: 5879
11-06-2018 @ 09:52:44 - Categories assigned 20
11-06-2018 @ 09:52:44 - Creating Product for course id: 5856
11-06-2018 @ 09:52:44 - Product created, ID is: 5880
11-06-2018 @ 09:52:44 - Categories assigned 59
11-06-2018 @ 09:52:44 - Creating Product for course id: 5857
11-06-2018 @ 09:52:44 - Product created, ID is: 5881
11-06-2018 @ 09:52:44 - Categories assigned 59
11-06-2018 @ 09:52:44 - Creating Product for course id: 5858
11-06-2018 @ 09:52:44 - Product created, ID is: 5882
11-06-2018 @ 09:52:44 - Categories assigned 59
11-06-2018 @ 09:52:44 - Creating Product for course id: 5859
11-06-2018 @ 09:52:44 - Product created, ID is: 5883
11-06-2018 @ 09:52:44 - Categories assigned 20
11-06-2018 @ 09:52:44 - Creating Product for course id: 5860
11-06-2018 @ 09:52:44 - Product created, ID is: 5884
11-06-2018 @ 09:52:44 - Categories assigned 20
11-06-2018 @ 09:52:44 - Creating Product for course id: 5861
11-06-2018 @ 09:52:44 - Product created, ID is: 5885
11-06-2018 @ 09:52:44 - Categories assigned 20
11-06-2018 @ 09:52:44 - Creating Product for course id: 5862
11-06-2018 @ 09:52:44 - Product created, ID is: 5886
11-06-2018 @ 09:52:44 - Categories assigned 20
11-06-2018 @ 09:52:44 - Creating Product for course id: 5863
11-06-2018 @ 09:52:44 - Product created, ID is: 5887
11-06-2018 @ 09:52:44 - Categories assigned 20
11-06-2018 @ 09:52:44 - Creating Product for course id: 5864
11-06-2018 @ 09:52:44 - Product created, ID is: 5888
11-06-2018 @ 09:52:44 - Categories assigned 62
11-06-2018 @ 09:52:44 - Creating Product for course id: 5865
11-06-2018 @ 09:52:44 - Product created, ID is: 5889
11-06-2018 @ 09:52:44 - Categories assigned 20
11-12-2018 @ 05:16:56 - Initiating Product sync process....
11-12-2018 @ 05:16:56 - Categories synchronized
11-12-2018 @ 05:16:56 - Update all associated Products ...
11-12-2018 @ 05:16:56 - Categories assigned 20
11-12-2018 @ 05:16:56 - Categories assigned 20
11-12-2018 @ 05:16:56 - Categories assigned 20
11-12-2018 @ 05:16:56 - Categories assigned 20
11-12-2018 @ 05:16:56 - Categories assigned 20
11-12-2018 @ 05:16:56 - Categories assigned 20
11-12-2018 @ 05:16:56 - Categories assigned 21
11-12-2018 @ 05:16:56 - Categories assigned 21
11-12-2018 @ 05:16:56 - Categories assigned 20
11-12-2018 @ 05:16:56 - Categories assigned 59
11-12-2018 @ 05:16:56 - Categories assigned 21
11-12-2018 @ 05:16:56 - Categories assigned 20
11-12-2018 @ 05:16:56 - Categories assigned 20
11-12-2018 @ 05:16:56 - Categories assigned 20
11-12-2018 @ 05:16:56 - Categories assigned 60
11-12-2018 @ 05:16:56 - Categories assigned 60
11-12-2018 @ 05:16:56 - Categories assigned 60
11-12-2018 @ 05:16:56 - Categories assigned 60
11-12-2018 @ 05:16:56 - Categories assigned 60
11-12-2018 @ 05:16:56 - Categories assigned 20
11-12-2018 @ 05:16:56 - Categories assigned 20
11-12-2018 @ 05:16:56 - Categories assigned 20
11-12-2018 @ 05:16:56 - Categories assigned 59
11-12-2018 @ 05:16:56 - Categories assigned 59
11-12-2018 @ 05:16:56 - Categories assigned 59
11-12-2018 @ 05:16:56 - Categories assigned 20
11-12-2018 @ 05:16:56 - Categories assigned 20
11-12-2018 @ 05:16:56 - Categories assigned 20
11-12-2018 @ 05:16:56 - Categories assigned 20
11-12-2018 @ 05:16:56 - Categories assigned 20
11-12-2018 @ 05:16:56 - Categories assigned 62
11-12-2018 @ 05:16:56 - Categories assigned 20
11-12-2018 @ 08:48:33 - Perform operation on Product delete  37
11-12-2018 @ 08:48:33 - Perform operation on Product delete  38
11-12-2018 @ 08:48:33 - Perform operation on Product delete  39
11-12-2018 @ 08:48:33 - Perform operation on Product delete  40
11-12-2018 @ 08:48:33 - Perform operation on Product delete  41
11-12-2018 @ 08:48:33 - Perform operation on Product delete  42
11-12-2018 @ 08:48:33 - Perform operation on Product delete  43
11-12-2018 @ 08:48:33 - Perform operation on Product delete  44
11-12-2018 @ 08:48:33 - Perform operation on Product delete  5866
11-12-2018 @ 08:48:33 - Perform operation on Product delete  5867
11-12-2018 @ 08:48:33 - Perform operation on Product delete  5868
11-12-2018 @ 08:48:33 - Perform operation on Product delete  5869
11-12-2018 @ 08:48:33 - Perform operation on Product delete  5870
11-12-2018 @ 08:48:33 - Perform operation on Product delete  5871
11-12-2018 @ 08:48:33 - Perform operation on Product delete  5872
11-12-2018 @ 08:48:34 - Perform operation on Product delete  5873
11-12-2018 @ 08:48:34 - Perform operation on Product delete  5874
11-12-2018 @ 08:48:34 - Perform operation on Product delete  5875
11-12-2018 @ 08:48:34 - Perform operation on Product delete  5876
11-12-2018 @ 08:48:34 - Perform operation on Product delete  5877
11-12-2018 @ 08:48:34 - Perform operation on Product delete  5878
11-12-2018 @ 08:48:34 - Perform operation on Product delete  5879
11-12-2018 @ 08:48:34 - Perform operation on Product delete  5880
11-12-2018 @ 08:48:34 - Perform operation on Product delete  5881
11-12-2018 @ 08:48:34 - Perform operation on Product delete  5882
11-12-2018 @ 08:48:34 - Perform operation on Product delete  5883
11-12-2018 @ 08:48:34 - Perform operation on Product delete  5884
11-12-2018 @ 08:48:34 - Perform operation on Product delete  5885
11-12-2018 @ 08:48:34 - Perform operation on Product delete  5886
11-12-2018 @ 08:48:34 - Perform operation on Product delete  5887
11-12-2018 @ 08:48:34 - Perform operation on Product delete  5888
11-12-2018 @ 08:48:34 - Perform operation on Product delete  5889
11-12-2018 @ 08:49:38 - Initiating Product sync process....
11-12-2018 @ 08:49:38 - Categories synchronized
11-12-2018 @ 08:49:38 - Creating Product for course id: 5842
11-12-2018 @ 08:49:38 - Product created, ID is: 5895
11-12-2018 @ 08:49:38 - Categories assigned 20
11-12-2018 @ 08:49:38 - Creating Product for course id: 5844
11-12-2018 @ 08:49:38 - Product created, ID is: 5896
11-12-2018 @ 08:49:38 - Categories assigned 21
11-12-2018 @ 08:49:38 - Creating Product for course id: 5845
11-12-2018 @ 08:49:38 - Product created, ID is: 5897
11-12-2018 @ 08:49:38 - Categories assigned 20
11-12-2018 @ 08:49:38 - Creating Product for course id: 5846
11-12-2018 @ 08:49:38 - Product created, ID is: 5898
11-12-2018 @ 08:49:38 - Categories assigned 20
11-12-2018 @ 08:49:38 - Creating Product for course id: 5847
11-12-2018 @ 08:49:38 - Product created, ID is: 5899
11-12-2018 @ 08:49:38 - Categories assigned 20
11-12-2018 @ 08:49:38 - Creating Product for course id: 5851
11-12-2018 @ 08:49:38 - Product created, ID is: 5900
11-12-2018 @ 08:49:38 - Categories assigned 60
11-12-2018 @ 08:49:38 - Creating Product for course id: 5852
11-12-2018 @ 08:49:38 - Product created, ID is: 5901
11-12-2018 @ 08:49:38 - Categories assigned 60
11-12-2018 @ 08:49:38 - Creating Product for course id: 5853
11-12-2018 @ 08:49:38 - Product created, ID is: 5902
11-12-2018 @ 08:49:38 - Categories assigned 20
11-12-2018 @ 08:49:38 - Creating Product for course id: 5858
11-12-2018 @ 08:49:38 - Product created, ID is: 5903
11-12-2018 @ 08:49:38 - Categories assigned 59
11-12-2018 @ 08:49:38 - Creating Product for course id: 5859
11-12-2018 @ 08:49:38 - Product created, ID is: 5904
11-12-2018 @ 08:49:38 - Categories assigned 20
11-12-2018 @ 08:49:38 - Creating Product for course id: 5860
11-12-2018 @ 08:49:38 - Product created, ID is: 5905
11-12-2018 @ 08:49:38 - Categories assigned 20
11-12-2018 @ 08:49:38 - Creating Product for course id: 5861
11-12-2018 @ 08:49:38 - Product created, ID is: 5906
11-12-2018 @ 08:49:38 - Categories assigned 20
11-12-2018 @ 08:49:38 - Creating Product for course id: 5863
11-12-2018 @ 08:49:38 - Product created, ID is: 5907
11-12-2018 @ 08:49:38 - Categories assigned 20
11-12-2018 @ 08:49:38 - Creating Product for course id: 5865
11-12-2018 @ 08:49:38 - Product created, ID is: 5908
11-12-2018 @ 08:49:38 - Categories assigned 20
11-12-2018 @ 08:49:38 - Creating Product for course id: 5843
11-12-2018 @ 08:49:38 - Product created, ID is: 5909
11-12-2018 @ 08:49:38 - Categories assigned 59
11-12-2018 @ 08:49:38 - Creating Product for course id: 5849
11-12-2018 @ 08:49:38 - Product created, ID is: 5910
11-12-2018 @ 08:49:38 - Categories assigned 60
11-12-2018 @ 08:49:38 - Creating Product for course id: 5850
11-12-2018 @ 08:49:38 - Product created, ID is: 5911
11-12-2018 @ 08:49:38 - Categories assigned 60
11-12-2018 @ 08:49:38 - Creating Product for course id: 5854
11-12-2018 @ 08:49:38 - Product created, ID is: 5912
11-12-2018 @ 08:49:38 - Categories assigned 20
11-12-2018 @ 08:49:38 - Creating Product for course id: 5855
11-12-2018 @ 08:49:38 - Product created, ID is: 5913
11-12-2018 @ 08:49:38 - Categories assigned 20
11-12-2018 @ 08:49:38 - Creating Product for course id: 5856
11-12-2018 @ 08:49:39 - Product created, ID is: 5914
11-12-2018 @ 08:49:39 - Categories assigned 59
11-12-2018 @ 08:49:39 - Creating Product for course id: 5857
11-12-2018 @ 08:49:39 - Product created, ID is: 5915
11-12-2018 @ 08:49:39 - Categories assigned 59
11-12-2018 @ 08:49:39 - Creating Product for course id: 5862
11-12-2018 @ 08:49:39 - Product created, ID is: 5916
11-12-2018 @ 08:49:39 - Categories assigned 20
11-12-2018 @ 08:49:39 - Creating Product for course id: 5864
11-12-2018 @ 08:49:39 - Product created, ID is: 5917
11-12-2018 @ 08:49:39 - Categories assigned 62
11-12-2018 @ 08:49:39 - Creating Product for course id: 10
11-12-2018 @ 08:49:39 - Product created, ID is: 5918
11-12-2018 @ 08:49:39 - Categories assigned 20
11-12-2018 @ 08:49:39 - Creating Product for course id: 11
11-12-2018 @ 08:49:39 - Product created, ID is: 5919
11-12-2018 @ 08:49:39 - Categories assigned 20
11-12-2018 @ 08:49:39 - Creating Product for course id: 12
11-12-2018 @ 08:49:39 - Product created, ID is: 5920
11-12-2018 @ 08:49:39 - Categories assigned 20
11-12-2018 @ 08:49:39 - Creating Product for course id: 13
11-12-2018 @ 08:49:39 - Product created, ID is: 5921
11-12-2018 @ 08:49:39 - Categories assigned 20
11-12-2018 @ 08:49:39 - Creating Product for course id: 14
11-12-2018 @ 08:49:39 - Product created, ID is: 5922
11-12-2018 @ 08:49:39 - Categories assigned 20
11-12-2018 @ 08:49:39 - Creating Product for course id: 15
11-12-2018 @ 08:49:39 - Product created, ID is: 5923
11-12-2018 @ 08:49:39 - Categories assigned 20
11-12-2018 @ 08:49:39 - Creating Product for course id: 16
11-12-2018 @ 08:49:39 - Product created, ID is: 5924
11-12-2018 @ 08:49:39 - Categories assigned 21
11-12-2018 @ 08:49:39 - Creating Product for course id: 17
11-12-2018 @ 08:49:39 - Product created, ID is: 5925
11-12-2018 @ 08:49:39 - Categories assigned 21
11-12-2018 @ 08:49:39 - Creating Product for course id: 5848
11-12-2018 @ 08:49:39 - Product created, ID is: 5926
11-12-2018 @ 08:49:39 - Categories assigned 60
11-12-2018 @ 09:56:25 - Perform operation on Product delete  5918
11-12-2018 @ 09:56:25 - Course ID 10 closed url is reset.
11-12-2018 @ 09:56:26 - Perform operation on Product delete  5919
11-12-2018 @ 09:56:26 - Course ID 11 closed url is reset.
11-12-2018 @ 09:56:26 - Perform operation on Product delete  5920
11-12-2018 @ 09:56:26 - Course ID 12 closed url is reset.
11-12-2018 @ 09:56:26 - Perform operation on Product delete  5921
11-12-2018 @ 09:56:26 - Course ID 13 closed url is reset.
11-12-2018 @ 09:56:26 - Perform operation on Product delete  5922
11-12-2018 @ 09:56:26 - Course ID 14 closed url is reset.
11-12-2018 @ 09:56:26 - Perform operation on Product delete  5923
11-12-2018 @ 09:56:26 - Course ID 15 closed url is reset.
11-12-2018 @ 09:56:26 - Perform operation on Product delete  5924
11-12-2018 @ 09:56:26 - Course ID 16 closed url is reset.
11-12-2018 @ 09:56:26 - Perform operation on Product delete  5925
11-12-2018 @ 09:56:26 - Course ID 17 closed url is reset.
11-12-2018 @ 09:56:26 - Perform operation on Product delete  5926
11-12-2018 @ 09:56:26 - Course ID 5848 closed url is reset.
11-12-2018 @ 09:56:26 - Perform operation on Product delete  5909
11-12-2018 @ 09:56:26 - Course ID 5843 closed url is reset.
11-12-2018 @ 09:56:26 - Perform operation on Product delete  5897
11-12-2018 @ 09:56:26 - Course ID 5845 closed url is reset.
11-12-2018 @ 09:56:26 - Perform operation on Product delete  5899
11-12-2018 @ 09:56:26 - Course ID 5847 closed url is reset.
11-12-2018 @ 09:56:26 - Perform operation on Product delete  5910
11-12-2018 @ 09:56:26 - Course ID 5849 closed url is reset.
11-12-2018 @ 09:56:26 - Perform operation on Product delete  5911
11-12-2018 @ 09:56:26 - Course ID 5850 closed url is reset.
11-12-2018 @ 09:56:26 - Perform operation on Product delete  5900
11-12-2018 @ 09:56:26 - Course ID 5851 closed url is reset.
11-12-2018 @ 09:56:26 - Perform operation on Product delete  5901
11-12-2018 @ 09:56:26 - Course ID 5852 closed url is reset.
11-12-2018 @ 09:56:27 - Perform operation on Product delete  5902
11-12-2018 @ 09:56:27 - Course ID 5853 closed url is reset.
11-12-2018 @ 09:56:27 - Perform operation on Product delete  5912
11-12-2018 @ 09:56:27 - Course ID 5854 closed url is reset.
11-12-2018 @ 09:56:27 - Perform operation on Product delete  5913
11-12-2018 @ 09:56:27 - Course ID 5855 closed url is reset.
11-12-2018 @ 09:56:27 - Perform operation on Product delete  5914
11-12-2018 @ 09:56:27 - Course ID 5856 closed url is reset.
11-12-2018 @ 09:56:27 - Perform operation on Product delete  5915
11-12-2018 @ 09:56:27 - Course ID 5857 closed url is reset.
11-12-2018 @ 09:56:27 - Perform operation on Product delete  5903
11-12-2018 @ 09:56:27 - Course ID 5858 closed url is reset.
11-12-2018 @ 09:56:27 - Perform operation on Product delete  5904
11-12-2018 @ 09:56:27 - Course ID 5859 closed url is reset.
11-12-2018 @ 09:56:27 - Perform operation on Product delete  5905
11-12-2018 @ 09:56:27 - Course ID 5860 closed url is reset.
11-12-2018 @ 09:56:27 - Perform operation on Product delete  5906
11-12-2018 @ 09:56:27 - Course ID 5861 closed url is reset.
11-12-2018 @ 09:56:27 - Perform operation on Product delete  5916
11-12-2018 @ 09:56:27 - Course ID 5862 closed url is reset.
11-12-2018 @ 09:56:27 - Perform operation on Product delete  5907
11-12-2018 @ 09:56:27 - Course ID 5863 closed url is reset.
11-12-2018 @ 09:56:27 - Perform operation on Product delete  5917
11-12-2018 @ 09:56:27 - Course ID 5864 closed url is reset.
11-12-2018 @ 09:56:27 - Perform operation on Product delete  5908
11-12-2018 @ 09:56:27 - Course ID 5865 closed url is reset.
11-12-2018 @ 09:56:27 - Perform operation on Product delete  5895
11-12-2018 @ 09:56:27 - Course ID 5842 closed url is reset.
11-12-2018 @ 09:56:27 - Perform operation on Product delete  5896
11-12-2018 @ 09:56:27 - Course ID 5844 closed url is reset.
11-12-2018 @ 09:56:27 - Perform operation on Product delete  5898
11-12-2018 @ 09:56:27 - Course ID 5846 closed url is reset.
11-12-2018 @ 09:57:57 - Initiating Product sync process....
11-12-2018 @ 09:57:57 - Categories synchronized
11-12-2018 @ 09:57:57 - Creating Product for course id: 5932
11-12-2018 @ 09:57:57 - Product created, ID is: 5961
11-12-2018 @ 09:57:57 - Categories assigned 20
11-12-2018 @ 09:57:57 - Creating Product for course id: 5933
11-12-2018 @ 09:57:57 - Product created, ID is: 5962
11-12-2018 @ 09:57:57 - Categories assigned 20
11-12-2018 @ 09:57:57 - Creating Product for course id: 5934
11-12-2018 @ 09:57:57 - Product created, ID is: 5963
11-12-2018 @ 09:57:57 - Categories assigned 59
11-12-2018 @ 09:57:57 - Creating Product for course id: 5935
11-12-2018 @ 09:57:57 - Product created, ID is: 5964
11-12-2018 @ 09:57:57 - Categories assigned 61
11-12-2018 @ 09:57:57 - Creating Product for course id: 5936
11-12-2018 @ 09:57:57 - Product created, ID is: 5965
11-12-2018 @ 09:57:57 - Categories assigned 20
11-12-2018 @ 09:57:57 - Creating Product for course id: 5937
11-12-2018 @ 09:57:57 - Product created, ID is: 5966
11-12-2018 @ 09:57:57 - Categories assigned 20
11-12-2018 @ 09:57:57 - Creating Product for course id: 5938
11-12-2018 @ 09:57:57 - Product created, ID is: 5967
11-12-2018 @ 09:57:57 - Categories assigned 20
11-12-2018 @ 09:57:57 - Creating Product for course id: 5939
11-12-2018 @ 09:57:57 - Product created, ID is: 5968
11-12-2018 @ 09:57:57 - Categories assigned 20
11-12-2018 @ 09:57:57 - Creating Product for course id: 5940
11-12-2018 @ 09:57:57 - Product created, ID is: 5969
11-12-2018 @ 09:57:58 - Categories assigned 20
11-12-2018 @ 09:57:58 - Creating Product for course id: 5941
11-12-2018 @ 09:57:58 - Product created, ID is: 5970
11-12-2018 @ 09:57:58 - Categories assigned 20
11-12-2018 @ 09:57:58 - Creating Product for course id: 5942
11-12-2018 @ 09:57:58 - Product created, ID is: 5971
11-12-2018 @ 09:57:58 - Categories assigned 20
11-12-2018 @ 09:57:58 - Creating Product for course id: 5943
11-12-2018 @ 09:57:58 - Product created, ID is: 5972
11-12-2018 @ 09:57:58 - Categories assigned 60
11-12-2018 @ 09:57:58 - Creating Product for course id: 5944
11-12-2018 @ 09:57:58 - Product created, ID is: 5973
11-12-2018 @ 09:57:58 - Categories assigned 60
11-12-2018 @ 09:57:58 - Creating Product for course id: 5945
11-12-2018 @ 09:57:58 - Product created, ID is: 5974
11-12-2018 @ 09:57:58 - Categories assigned 60
11-12-2018 @ 09:57:58 - Creating Product for course id: 5946
11-12-2018 @ 09:57:58 - Product created, ID is: 5975
11-12-2018 @ 09:57:58 - Categories assigned 60
11-12-2018 @ 09:57:58 - Creating Product for course id: 5947
11-12-2018 @ 09:57:58 - Product created, ID is: 5976
11-12-2018 @ 09:57:58 - Categories assigned 60
11-12-2018 @ 09:57:58 - Creating Product for course id: 5948
11-12-2018 @ 09:57:58 - Product created, ID is: 5977
11-12-2018 @ 09:57:58 - Categories assigned 20
11-12-2018 @ 09:57:58 - Creating Product for course id: 5949
11-12-2018 @ 09:57:58 - Product created, ID is: 5978
11-12-2018 @ 09:57:58 - Categories assigned 20
11-12-2018 @ 09:57:58 - Creating Product for course id: 5950
11-12-2018 @ 09:57:58 - Product created, ID is: 5979
11-12-2018 @ 09:57:58 - Categories assigned 20
11-12-2018 @ 09:57:58 - Creating Product for course id: 5951
11-12-2018 @ 09:57:58 - Product created, ID is: 5980
11-12-2018 @ 09:57:58 - Categories assigned 59
11-12-2018 @ 09:57:58 - Creating Product for course id: 5952
11-12-2018 @ 09:57:58 - Product created, ID is: 5981
11-12-2018 @ 09:57:58 - Categories assigned 59
11-12-2018 @ 09:57:58 - Creating Product for course id: 5953
11-12-2018 @ 09:57:58 - Product created, ID is: 5982
11-12-2018 @ 09:57:58 - Categories assigned 59
11-12-2018 @ 09:57:58 - Creating Product for course id: 5954
11-12-2018 @ 09:57:58 - Product created, ID is: 5983
11-12-2018 @ 09:57:58 - Categories assigned 20
11-12-2018 @ 09:57:58 - Creating Product for course id: 5955
11-12-2018 @ 09:57:58 - Product created, ID is: 5984
11-12-2018 @ 09:57:58 - Categories assigned 20
11-12-2018 @ 09:57:58 - Creating Product for course id: 5956
11-12-2018 @ 09:57:58 - Product created, ID is: 5985
11-12-2018 @ 09:57:58 - Categories assigned 20
11-12-2018 @ 09:57:58 - Creating Product for course id: 5957
11-12-2018 @ 09:57:58 - Product created, ID is: 5986
11-12-2018 @ 09:57:58 - Categories assigned 20
11-12-2018 @ 09:57:58 - Creating Product for course id: 5958
11-12-2018 @ 09:57:58 - Product created, ID is: 5987
11-12-2018 @ 09:57:58 - Categories assigned 20
11-12-2018 @ 09:57:58 - Creating Product for course id: 5959
11-12-2018 @ 09:57:58 - Product created, ID is: 5988
11-12-2018 @ 09:57:58 - Categories assigned 62
11-12-2018 @ 09:57:58 - Creating Product for course id: 5960
11-12-2018 @ 09:57:58 - Product created, ID is: 5989
11-12-2018 @ 09:57:58 - Categories assigned 20
11-13-2018 @ 12:24:52 - Initiating Product sync process....
11-13-2018 @ 12:24:52 - Categories synchronized
11-13-2018 @ 12:24:52 - Update all associated Products ...
11-13-2018 @ 12:24:52 - Categories assigned 20
11-13-2018 @ 12:24:52 - Categories assigned 20
11-13-2018 @ 12:24:52 - Categories assigned 59
11-13-2018 @ 12:24:53 - Categories assigned 61
11-13-2018 @ 12:24:53 - Categories assigned 20
11-13-2018 @ 12:24:53 - Categories assigned 20
11-13-2018 @ 12:24:53 - Categories assigned 20
11-13-2018 @ 12:24:53 - Categories assigned 20
11-13-2018 @ 12:24:53 - Categories assigned 20
11-13-2018 @ 12:24:53 - Categories assigned 20
11-13-2018 @ 12:24:53 - Categories assigned 20
11-13-2018 @ 12:24:53 - Categories assigned 60
11-13-2018 @ 12:24:53 - Categories assigned 60
11-13-2018 @ 12:24:53 - Categories assigned 60
11-13-2018 @ 12:24:53 - Categories assigned 60
11-13-2018 @ 12:24:53 - Categories assigned 60
11-13-2018 @ 12:24:53 - Categories assigned 20
11-13-2018 @ 12:24:53 - Categories assigned 20
11-13-2018 @ 12:24:53 - Categories assigned 20
11-13-2018 @ 12:24:53 - Categories assigned 59
11-13-2018 @ 12:24:53 - Categories assigned 59
11-13-2018 @ 12:24:53 - Categories assigned 59
11-13-2018 @ 12:24:53 - Categories assigned 20
11-13-2018 @ 12:24:53 - Categories assigned 20
11-13-2018 @ 12:24:53 - Categories assigned 20
11-13-2018 @ 12:24:53 - Categories assigned 20
11-13-2018 @ 12:24:53 - Categories assigned 20
11-13-2018 @ 12:24:53 - Categories assigned 62
11-13-2018 @ 12:24:53 - Categories assigned 20
11-14-2018 @ 13:16:49 - Initiating Product sync process....
11-14-2018 @ 13:16:49 - Categories synchronized
11-14-2018 @ 13:16:49 - Update all associated Products ...
11-14-2018 @ 13:16:49 - Categories assigned 20
11-14-2018 @ 13:16:49 - Categories assigned 20
11-14-2018 @ 13:16:49 - Categories assigned 59
11-14-2018 @ 13:16:49 - Categories assigned 61
11-14-2018 @ 13:16:49 - Categories assigned 20
11-14-2018 @ 13:16:49 - Categories assigned 20
11-14-2018 @ 13:16:49 - Categories assigned 20
11-14-2018 @ 13:16:49 - Categories assigned 20
11-14-2018 @ 13:16:49 - Categories assigned 20
11-14-2018 @ 13:16:50 - Categories assigned 20
11-14-2018 @ 13:16:50 - Categories assigned 20
11-14-2018 @ 13:16:50 - Categories assigned 60
11-14-2018 @ 13:16:50 - Categories assigned 60
11-14-2018 @ 13:16:50 - Categories assigned 60
11-14-2018 @ 13:16:50 - Categories assigned 60
11-14-2018 @ 13:16:50 - Categories assigned 60
11-14-2018 @ 13:16:50 - Categories assigned 20
11-14-2018 @ 13:16:50 - Categories assigned 20
11-14-2018 @ 13:16:50 - Categories assigned 20
11-14-2018 @ 13:16:50 - Categories assigned 59
11-14-2018 @ 13:16:50 - Categories assigned 59
11-14-2018 @ 13:16:50 - Categories assigned 59
11-14-2018 @ 13:16:50 - Categories assigned 20
11-14-2018 @ 13:16:50 - Categories assigned 20
11-14-2018 @ 13:16:50 - Categories assigned 20
11-14-2018 @ 13:16:50 - Categories assigned 20
11-14-2018 @ 13:16:50 - Categories assigned 20
11-14-2018 @ 13:16:50 - Categories assigned 62
11-14-2018 @ 13:16:50 - Categories assigned 20
11-14-2018 @ 13:16:50 - Creating Product for course id: 6064
11-14-2018 @ 13:16:50 - Product created, ID is: 6065
11-14-2018 @ 13:16:50 - Categories assigned 70
11-14-2018 @ 13:16:55 - Initiating Product sync process....
11-14-2018 @ 13:16:55 - Categories synchronized
11-14-2018 @ 13:16:55 - Update all associated Products ...
11-14-2018 @ 13:16:55 - Categories assigned 20
11-14-2018 @ 13:16:55 - Categories assigned 20
11-14-2018 @ 13:16:55 - Categories assigned 59
11-14-2018 @ 13:16:55 - Categories assigned 61
11-14-2018 @ 13:16:55 - Categories assigned 20
11-14-2018 @ 13:16:55 - Categories assigned 20
11-14-2018 @ 13:16:55 - Categories assigned 20
11-14-2018 @ 13:16:55 - Categories assigned 20
11-14-2018 @ 13:16:55 - Categories assigned 20
11-14-2018 @ 13:16:55 - Categories assigned 20
11-14-2018 @ 13:16:55 - Categories assigned 20
11-14-2018 @ 13:16:55 - Categories assigned 60
11-14-2018 @ 13:16:55 - Categories assigned 60
11-14-2018 @ 13:16:55 - Categories assigned 60
11-14-2018 @ 13:16:55 - Categories assigned 60
11-14-2018 @ 13:16:55 - Categories assigned 60
11-14-2018 @ 13:16:55 - Categories assigned 20
11-14-2018 @ 13:16:55 - Categories assigned 20
11-14-2018 @ 13:16:55 - Categories assigned 20
11-14-2018 @ 13:16:55 - Categories assigned 59
11-14-2018 @ 13:16:55 - Categories assigned 59
11-14-2018 @ 13:16:55 - Categories assigned 59
11-14-2018 @ 13:16:55 - Categories assigned 20
11-14-2018 @ 13:16:55 - Categories assigned 20
11-14-2018 @ 13:16:55 - Categories assigned 20
11-14-2018 @ 13:16:55 - Categories assigned 20
11-14-2018 @ 13:16:55 - Categories assigned 20
11-14-2018 @ 13:16:55 - Categories assigned 62
11-14-2018 @ 13:16:55 - Categories assigned 20
11-14-2018 @ 13:16:55 - Categories assigned 70
11-14-2018 @ 13:17:03 - Initiating Product sync process....
11-14-2018 @ 13:17:03 - Categories synchronized
11-14-2018 @ 13:17:03 - Update all associated Products ...
11-14-2018 @ 13:17:03 - Categories assigned 20
11-14-2018 @ 13:17:03 - Categories assigned 20
11-14-2018 @ 13:17:03 - Categories assigned 59
11-14-2018 @ 13:17:03 - Categories assigned 61
11-14-2018 @ 13:17:03 - Categories assigned 20
11-14-2018 @ 13:17:03 - Categories assigned 20
11-14-2018 @ 13:17:03 - Categories assigned 20
11-14-2018 @ 13:17:03 - Categories assigned 20
11-14-2018 @ 13:17:03 - Categories assigned 20
11-14-2018 @ 13:17:03 - Categories assigned 20
11-14-2018 @ 13:17:03 - Categories assigned 20
11-14-2018 @ 13:17:03 - Categories assigned 60
11-14-2018 @ 13:17:03 - Categories assigned 60
11-14-2018 @ 13:17:03 - Categories assigned 60
11-14-2018 @ 13:17:03 - Categories assigned 60
11-14-2018 @ 13:17:03 - Categories assigned 60
11-14-2018 @ 13:17:03 - Categories assigned 20
11-14-2018 @ 13:17:03 - Categories assigned 20
11-14-2018 @ 13:17:03 - Categories assigned 20
11-14-2018 @ 13:17:03 - Categories assigned 59
11-14-2018 @ 13:17:03 - Categories assigned 59
11-14-2018 @ 13:17:03 - Categories assigned 59
11-14-2018 @ 13:17:03 - Categories assigned 20
11-14-2018 @ 13:17:03 - Categories assigned 20
11-14-2018 @ 13:17:03 - Categories assigned 20
11-14-2018 @ 13:17:03 - Categories assigned 20
11-14-2018 @ 13:17:03 - Categories assigned 20
11-14-2018 @ 13:17:03 - Categories assigned 62
11-14-2018 @ 13:17:03 - Categories assigned 20
11-14-2018 @ 13:17:03 - Categories assigned 70
11-26-2018 @ 06:17:26 - Initiating Product sync process....
11-26-2018 @ 06:17:26 - Categories synchronized
11-26-2018 @ 06:17:26 - Update all associated Products ...
11-26-2018 @ 06:17:26 - Categories assigned 20
11-26-2018 @ 06:17:26 - Categories assigned 20
11-26-2018 @ 06:17:26 - Categories assigned 59
11-26-2018 @ 06:17:26 - Categories assigned 61
11-26-2018 @ 06:17:26 - Categories assigned 20
11-26-2018 @ 06:17:26 - Categories assigned 20
11-26-2018 @ 06:17:26 - Categories assigned 20
11-26-2018 @ 06:17:26 - Categories assigned 20
11-26-2018 @ 06:17:26 - Categories assigned 20
11-26-2018 @ 06:17:26 - Categories assigned 20
11-26-2018 @ 06:17:26 - Categories assigned 20
11-26-2018 @ 06:17:26 - Categories assigned 60
11-26-2018 @ 06:17:26 - Categories assigned 60
11-26-2018 @ 06:17:26 - Categories assigned 60
11-26-2018 @ 06:17:26 - Categories assigned 60
11-26-2018 @ 06:17:26 - Categories assigned 60
11-26-2018 @ 06:17:26 - Categories assigned 20
11-26-2018 @ 06:17:26 - Categories assigned 20
11-26-2018 @ 06:17:26 - Categories assigned 20
11-26-2018 @ 06:17:26 - Categories assigned 59
11-26-2018 @ 06:17:26 - Categories assigned 59
11-26-2018 @ 06:17:26 - Categories assigned 59
11-26-2018 @ 06:17:26 - Categories assigned 20
11-26-2018 @ 06:17:26 - Categories assigned 20
11-26-2018 @ 06:17:26 - Categories assigned 20
11-26-2018 @ 06:17:26 - Categories assigned 20
11-26-2018 @ 06:17:26 - Categories assigned 20
11-26-2018 @ 06:17:26 - Categories assigned 62
11-26-2018 @ 06:17:26 - Categories assigned 20
11-26-2018 @ 06:17:26 - Categories assigned 70
11-26-2018 @ 06:18:24 - Perform operation on Product delete  5978
11-26-2018 @ 06:18:24 - Perform operation on Product delete  5973
11-26-2018 @ 06:18:24 - Perform operation on Product delete  5974
11-26-2018 @ 06:18:24 - Perform operation on Product delete  5975
11-26-2018 @ 06:18:25 - Perform operation on Product delete  5976
11-26-2018 @ 06:18:25 - Perform operation on Product delete  5977
11-26-2018 @ 06:18:25 - Perform operation on Product delete  5979
11-26-2018 @ 06:18:25 - Perform operation on Product delete  5985
11-26-2018 @ 06:18:25 - Perform operation on Product delete  5986
11-26-2018 @ 06:18:25 - Perform operation on Product delete  5987
11-26-2018 @ 06:18:25 - Perform operation on Product delete  5982
11-26-2018 @ 06:18:25 - Perform operation on Product delete  5981
11-26-2018 @ 06:18:25 - Perform operation on Product delete  5980
11-26-2018 @ 06:18:25 - Perform operation on Product delete  5972
11-26-2018 @ 06:18:26 - Perform operation on Product delete  5971
11-26-2018 @ 06:18:26 - Perform operation on Product delete  5970
11-26-2018 @ 06:18:26 - Perform operation on Product delete  5967
11-26-2018 @ 06:18:26 - Perform operation on Product delete  5966
11-26-2018 @ 06:18:26 - Perform operation on Product delete  5965
11-26-2018 @ 06:18:26 - Perform operation on Product delete  5963
11-26-2018 @ 06:18:26 - Perform operation on Product delete  5962
11-26-2018 @ 06:18:26 - Perform operation on Product delete  5968
11-26-2018 @ 06:18:26 - Perform operation on Product delete  5983
11-26-2018 @ 06:18:26 - Perform operation on Product delete  5984
11-26-2018 @ 06:18:27 - Perform operation on Product delete  5989
11-26-2018 @ 06:18:27 - Perform operation on Product delete  5961
